Using pre-set license
Built from '2020.3/staging' branch; Version is '2020.3.0f1 (c7b5465681fb) revision 13088070'; Using compiler version '192528614'; Build Type 'Release'
OS: 'Windows 10 Home; OS build 19041.867; Version 2004; 64bit' Language: 'ko' Physical Memory: 16315 MB
BatchMode: 1, IsHumanControllingUs: 0, StartBugReporterOnCrash: 0, Is64bit: 1, IsPro: 0

 COMMAND LINE ARGUMENTS:
C:\Program Files\Unity\Hub\Editor\2020.3.0f1\Editor\Unity.exe
-adb2
-batchMode
-noUpm
-name
AssetImportWorker0
-projectPath
C:/Users/user/Desktop/unityprojects/shooting
-logFile
Logs/AssetImportWorker0.log
-srvPort
59911
Successfully changed project path to: C:/Users/user/Desktop/unityprojects/shooting
C:/Users/user/Desktop/unityprojects/shooting
Using Asset Import Pipeline V2.
Refreshing native plugins compatible for Editor in 21.26 ms, found 0 plugins.
Preloading 0 native plugins for Editor in 0.00 ms.
Initialize engine version: 2020.3.0f1 (c7b5465681fb)
[Subsystems] Discovering subsystems at path C:/Program Files/Unity/Hub/Editor/2020.3.0f1/Editor/Data/Resources/UnitySubsystems
[Subsystems] Discovering subsystems at path C:/Users/user/Desktop/unityprojects/shooting/Assets
GfxDevice: creating device client; threaded=0
Direct3D:
    Version:  Direct3D 11.0 [level 11.1]
    Renderer: NVIDIA GeForce RTX 2060 (ID=0x1f51)
    Vendor:   
    VRAM:     5980 MB
    Driver:   27.21.14.5167
Initialize mono
Mono path[0] = 'C:/Program Files/Unity/Hub/Editor/2020.3.0f1/Editor/Data/Managed'
Mono path[1] = 'C:/Program Files/Unity/Hub/Editor/2020.3.0f1/Editor/Data/MonoBleedingEdge/lib/mono/unityjit'
Mono config path = 'C:/Program Files/Unity/Hub/Editor/2020.3.0f1/Editor/Data/MonoBleedingEdge/etc'
Using monoOptions --debugger-agent=transport=dt_socket,embedding=1,server=y,suspend=n,address=127.0.0.1:56268
Begin MonoManager ReloadAssembly
Registering precompiled unity dll's ...
Register platform support module: C:/Program Files/Unity/Hub/Editor/2020.3.0f1/Editor/Data/PlaybackEngines/WindowsStandaloneSupport/UnityEditor.WindowsStandalone.Extensions.dll
Registered in 0.001903 seconds.
Native extension for WindowsStandalone target not found
Refreshing native plugins compatible for Editor in 23.14 ms, found 0 plugins.
Preloading 0 native plugins for Editor in 0.00 ms.
Invoked RoslynAnalysisRunner static constructor.
RoslynAnalysisRunner will not be running.
RoslynAnalysisRunner has terminated.
Mono: successfully reloaded assembly
- Completed reload, in  1.060 seconds
Platform modules already initialized, skipping
Registering precompiled user dll's ...
Registered in 0.001383 seconds.
Begin MonoManager ReloadAssembly
Native extension for WindowsStandalone target not found
Refreshing native plugins compatible for Editor in 0.23 ms, found 0 plugins.
Preloading 0 native plugins for Editor in 0.00 ms.
Invoked RoslynAnalysisRunner static constructor.
RoslynAnalysisRunner will not be running.
RoslynAnalysisRunner has terminated.
Mono: successfully reloaded assembly
- Completed reload, in  0.943 seconds
Platform modules already initialized, skipping
========================================================================
Worker process is ready to serve import requests
Launched and connected shader compiler UnityShaderCompiler.exe after 0.04 seconds
Refreshing native plugins compatible for Editor in 0.20 ms, found 0 plugins.
Preloading 0 native plugins for Editor in 0.00 ms.
Unloading 1117 Unused Serialized files (Serialized files now loaded: 0)
System memory in use before: 57.1 MB.
System memory in use after: 57.1 MB.

Unloading 10 unused Assets to reduce memory usage. Loaded Objects now: 1559.
Total: 2.741000 ms (FindLiveObjects: 0.137800 ms CreateObjectMapping: 0.046000 ms MarkObjects: 2.430200 ms  DeleteObjects: 0.125400 ms)

========================================================================
Received Import Request.
  path: Assets/Scenes/BulletScript.cs
  artifactKey: Guid(a723593504b6b5e4196b220b4d16b495) Importer(815301076,1909f56bfc062723c751e8b465ee728b)
Start importing Assets/Scenes/BulletScript.cs using Guid(a723593504b6b5e4196b220b4d16b495) Importer(815301076,1909f56bfc062723c751e8b465ee728b)  -> (artifact id: '3da8bcb1841706ed757a0614a90b8693') in 0.051065 seconds
  Import took 0.053318 seconds .

========================================================================
Received Prepare
Registering precompiled user dll's ...
Registered in 0.001366 seconds.
Begin MonoManager ReloadAssembly
Native extension for WindowsStandalone target not found
Refreshing native plugins compatible for Editor in 0.22 ms, found 0 plugins.
Preloading 0 native plugins for Editor in 0.00 ms.
Invoked RoslynAnalysisRunner static constructor.
RoslynAnalysisRunner will not be running.
RoslynAnalysisRunner has terminated.
Mono: successfully reloaded assembly
- Completed reload, in  0.720 seconds
Platform modules already initialized, skipping
Refreshing native plugins compatible for Editor in 0.18 ms, found 0 plugins.
Preloading 0 native plugins for Editor in 0.00 ms.
Unloading 1112 Unused Serialized files (Serialized files now loaded: 0)
System memory in use before: 57.0 MB.
System memory in use after: 57.1 MB.

Unloading 5 unused Assets to reduce memory usage. Loaded Objects now: 1562.
Total: 1.468300 ms (FindLiveObjects: 0.124700 ms CreateObjectMapping: 0.032000 ms MarkObjects: 1.271700 ms  DeleteObjects: 0.039200 ms)

========================================================================
Received Import Request.
  Time since last request: 23.159803 seconds.
  path: Assets/Scenes/BulletScript.cs
  artifactKey: Guid(a723593504b6b5e4196b220b4d16b495) Importer(815301076,1909f56bfc062723c751e8b465ee728b)
Start importing Assets/Scenes/BulletScript.cs using Guid(a723593504b6b5e4196b220b4d16b495) Importer(815301076,1909f56bfc062723c751e8b465ee728b)  -> (artifact id: '3096a1a1d9163755d6d8c5f5e58eecaa') in 0.005614 seconds
  Import took 0.007247 seconds .

========================================================================
Received Prepare
Registering precompiled user dll's ...
Registered in 0.001573 seconds.
Begin MonoManager ReloadAssembly
Native extension for WindowsStandalone target not found
Refreshing native plugins compatible for Editor in 0.20 ms, found 0 plugins.
Preloading 0 native plugins for Editor in 0.00 ms.
Invoked RoslynAnalysisRunner static constructor.
RoslynAnalysisRunner will not be running.
RoslynAnalysisRunner has terminated.
Mono: successfully reloaded assembly
- Completed reload, in  0.810 seconds
Platform modules already initialized, skipping
Refreshing native plugins compatible for Editor in 0.18 ms, found 0 plugins.
Preloading 0 native plugins for Editor in 0.00 ms.
Unloading 1112 Unused Serialized files (Serialized files now loaded: 0)
System memory in use before: 57.0 MB.
System memory in use after: 57.1 MB.

Unloading 5 unused Assets to reduce memory usage. Loaded Objects now: 1565.
Total: 1.819400 ms (FindLiveObjects: 0.129500 ms CreateObjectMapping: 0.036500 ms MarkObjects: 1.605700 ms  DeleteObjects: 0.046400 ms)

========================================================================
Received Import Request.
  Time since last request: 328.069350 seconds.
  path: Assets/Scenes/Mats/New Material 2.mat
  artifactKey: Guid(3a7097fddea755d4c906db175f0a42b5) Importer(815301076,1909f56bfc062723c751e8b465ee728b)
Start importing Assets/Scenes/Mats/New Material 2.mat using Guid(3a7097fddea755d4c906db175f0a42b5) Importer(815301076,1909f56bfc062723c751e8b465ee728b)  -> (artifact id: '4d51c689a0444798672c7090c16af2e4') in 0.097240 seconds
  Import took 0.099248 seconds .

========================================================================
Received Import Request.
  Time since last request: 188.191379 seconds.
  path: Assets/Scenes/EnemyScript.cs
  artifactKey: Guid(e96033c21f16888418624046983342d4) Importer(815301076,1909f56bfc062723c751e8b465ee728b)
Start importing Assets/Scenes/EnemyScript.cs using Guid(e96033c21f16888418624046983342d4) Importer(815301076,1909f56bfc062723c751e8b465ee728b)  -> (artifact id: '4ba6769e1e06e6d2dd84283439a167d0') in 0.010317 seconds
  Import took 0.012284 seconds .

========================================================================
Received Import Request.
  Time since last request: 54.932148 seconds.
  path: Assets/Scenes/WallScript.cs
  artifactKey: Guid(b931a88addc211848b727287c05bfccd) Importer(815301076,1909f56bfc062723c751e8b465ee728b)
Start importing Assets/Scenes/WallScript.cs using Guid(b931a88addc211848b727287c05bfccd) Importer(815301076,1909f56bfc062723c751e8b465ee728b)  -> (artifact id: 'a3e7c865107f48908b179f4814ada74c') in 0.010432 seconds
  Import took 0.012863 seconds .

========================================================================
Received Prepare
Registering precompiled user dll's ...
Registered in 0.001853 seconds.
Begin MonoManager ReloadAssembly
Native extension for WindowsStandalone target not found
Refreshing native plugins compatible for Editor in 0.18 ms, found 0 plugins.
Preloading 0 native plugins for Editor in 0.00 ms.
Invoked RoslynAnalysisRunner static constructor.
RoslynAnalysisRunner will not be running.
RoslynAnalysisRunner has terminated.
Mono: successfully reloaded assembly
- Completed reload, in  0.801 seconds
Platform modules already initialized, skipping
Refreshing native plugins compatible for Editor in 0.19 ms, found 0 plugins.
Preloading 0 native plugins for Editor in 0.00 ms.
Unloading 1113 Unused Serialized files (Serialized files now loaded: 0)
System memory in use before: 60.4 MB.
System memory in use after: 60.5 MB.

Unloading 5 unused Assets to reduce memory usage. Loaded Objects now: 1609.
Total: 1.704700 ms (FindLiveObjects: 0.195200 ms CreateObjectMapping: 0.052500 ms MarkObjects: 1.410500 ms  DeleteObjects: 0.045200 ms)

========================================================================
Received Import Request.
  Time since last request: 6.731851 seconds.
  path: Assets/Scenes/Cube (2).prefab
  artifactKey: Guid(e4c76188210540640b5d3b5dcb04b08f) Importer(815301076,1909f56bfc062723c751e8b465ee728b)
Start importing Assets/Scenes/Cube (2).prefab using Guid(e4c76188210540640b5d3b5dcb04b08f) Importer(815301076,1909f56bfc062723c751e8b465ee728b)  -> (artifact id: '423e822fea41b7bc5b49dbd74c93a5e3') in 0.073165 seconds
  Import took 0.075607 seconds .

========================================================================
Received Import Request.
  Time since last request: 110.529078 seconds.
  path: Assets/Scenes/Shooting.unity
  artifactKey: Guid(5834c220b9dd49c4a8ad79fd8c5790b3) Importer(815301076,1909f56bfc062723c751e8b465ee728b)
Start importing Assets/Scenes/Shooting.unity using Guid(5834c220b9dd49c4a8ad79fd8c5790b3) Importer(815301076,1909f56bfc062723c751e8b465ee728b)  -> (artifact id: '20280c152ac8d90975b20cae9293a994') in 0.010368 seconds
  Import took 0.012535 seconds .

========================================================================
Received Prepare
Registering precompiled user dll's ...
Registered in 0.001258 seconds.
Begin MonoManager ReloadAssembly
Native extension for WindowsStandalone target not found
Refreshing native plugins compatible for Editor in 0.17 ms, found 0 plugins.
Preloading 0 native plugins for Editor in 0.00 ms.
Invoked RoslynAnalysisRunner static constructor.
RoslynAnalysisRunner will not be running.
RoslynAnalysisRunner has terminated.
Mono: successfully reloaded assembly
- Completed reload, in  0.715 seconds
Platform modules already initialized, skipping
Refreshing native plugins compatible for Editor in 0.18 ms, found 0 plugins.
Preloading 0 native plugins for Editor in 0.00 ms.
Unloading 1113 Unused Serialized files (Serialized files now loaded: 0)
System memory in use before: 60.4 MB.
System memory in use after: 60.5 MB.

Unloading 6 unused Assets to reduce memory usage. Loaded Objects now: 1614.
Total: 1.515400 ms (FindLiveObjects: 0.128100 ms CreateObjectMapping: 0.033500 ms MarkObjects: 1.308100 ms  DeleteObjects: 0.044700 ms)

========================================================================
Received Import Request.
  Time since last request: 148.435266 seconds.
  path: Assets/Scenes/EnemyControllerScript.cs
  artifactKey: Guid(e311bb37db60e3544b51b750c7fed3a4) Importer(815301076,1909f56bfc062723c751e8b465ee728b)
Start importing Assets/Scenes/EnemyControllerScript.cs using Guid(e311bb37db60e3544b51b750c7fed3a4) Importer(815301076,1909f56bfc062723c751e8b465ee728b)  -> (artifact id: '596d4fd5edfd5783c6edd898d870d1c5') in 0.009148 seconds
  Import took 0.010938 seconds .

========================================================================
Received Import Request.
  Time since last request: 4.318259 seconds.
  path: Assets/Scenes/Cube (2).prefab
  artifactKey: Guid(e4c76188210540640b5d3b5dcb04b08f) Importer(815301076,1909f56bfc062723c751e8b465ee728b)
Start importing Assets/Scenes/Cube (2).prefab using Guid(e4c76188210540640b5d3b5dcb04b08f) Importer(815301076,1909f56bfc062723c751e8b465ee728b)  -> (artifact id: '7606eeb67037415e7ad132774f11adfe') in 0.058781 seconds
  Import took 0.060523 seconds .

========================================================================
Received Prepare
Registering precompiled user dll's ...
Registered in 0.001360 seconds.
Begin MonoManager ReloadAssembly
Native extension for WindowsStandalone target not found
Refreshing native plugins compatible for Editor in 0.19 ms, found 0 plugins.
Preloading 0 native plugins for Editor in 0.00 ms.
Invoked RoslynAnalysisRunner static constructor.
RoslynAnalysisRunner will not be running.
RoslynAnalysisRunner has terminated.
Mono: successfully reloaded assembly
- Completed reload, in  0.731 seconds
Platform modules already initialized, skipping
Refreshing native plugins compatible for Editor in 0.21 ms, found 0 plugins.
Preloading 0 native plugins for Editor in 0.00 ms.
Unloading 1113 Unused Serialized files (Serialized files now loaded: 0)
System memory in use before: 60.4 MB.
System memory in use after: 60.5 MB.

Unloading 6 unused Assets to reduce memory usage. Loaded Objects now: 1618.
Total: 2.152700 ms (FindLiveObjects: 0.140900 ms CreateObjectMapping: 0.038800 ms MarkObjects: 1.877100 ms  DeleteObjects: 0.094200 ms)

========================================================================
Received Prepare
Registering precompiled user dll's ...
Registered in 0.001245 seconds.
Begin MonoManager ReloadAssembly
Native extension for WindowsStandalone target not found
Refreshing native plugins compatible for Editor in 0.18 ms, found 0 plugins.
Preloading 0 native plugins for Editor in 0.00 ms.
Invoked RoslynAnalysisRunner static constructor.
RoslynAnalysisRunner will not be running.
RoslynAnalysisRunner has terminated.
Mono: successfully reloaded assembly
- Completed reload, in  0.741 seconds
Platform modules already initialized, skipping
Refreshing native plugins compatible for Editor in 0.20 ms, found 0 plugins.
Preloading 0 native plugins for Editor in 0.00 ms.
Unloading 1113 Unused Serialized files (Serialized files now loaded: 0)
System memory in use before: 60.4 MB.
System memory in use after: 60.5 MB.

Unloading 5 unused Assets to reduce memory usage. Loaded Objects now: 1621.
Total: 1.502300 ms (FindLiveObjects: 0.131400 ms CreateObjectMapping: 0.037400 ms MarkObjects: 1.285500 ms  DeleteObjects: 0.046400 ms)

AssetImportWorkerClient::OnTransportError - code=2 error=End of file
