Using pre-set license
Built from '2020.3/staging' branch; Version is '2020.3.0f1 (c7b5465681fb) revision 13088070'; Using compiler version '192528614'; Build Type 'Release'
OS: 'Windows 10 Home; OS build 19041.867; Version 2004; 64bit' Language: 'ko' Physical Memory: 16315 MB
BatchMode: 1, IsHumanControllingUs: 0, StartBugReporterOnCrash: 0, Is64bit: 1, IsPro: 0

 COMMAND LINE ARGUMENTS:
C:\Program Files\Unity\Hub\Editor\2020.3.0f1\Editor\Unity.exe
-adb2
-batchMode
-noUpm
-name
AssetImportWorker0
-projectPath
C:/Users/user/Desktop/unityprojects/shooting
-logFile
Logs/AssetImportWorker0.log
-srvPort
62924
Successfully changed project path to: C:/Users/user/Desktop/unityprojects/shooting
C:/Users/user/Desktop/unityprojects/shooting
Using Asset Import Pipeline V2.
Refreshing native plugins compatible for Editor in 21.73 ms, found 0 plugins.
Preloading 0 native plugins for Editor in 0.00 ms.
Initialize engine version: 2020.3.0f1 (c7b5465681fb)
[Subsystems] Discovering subsystems at path C:/Program Files/Unity/Hub/Editor/2020.3.0f1/Editor/Data/Resources/UnitySubsystems
[Subsystems] Discovering subsystems at path C:/Users/user/Desktop/unityprojects/shooting/Assets
GfxDevice: creating device client; threaded=0
Direct3D:
    Version:  Direct3D 11.0 [level 11.1]
    Renderer: NVIDIA GeForce RTX 2060 (ID=0x1f51)
    Vendor:   
    VRAM:     5980 MB
    Driver:   27.21.14.5167
Initialize mono
Mono path[0] = 'C:/Program Files/Unity/Hub/Editor/2020.3.0f1/Editor/Data/Managed'
Mono path[1] = 'C:/Program Files/Unity/Hub/Editor/2020.3.0f1/Editor/Data/MonoBleedingEdge/lib/mono/unityjit'
Mono config path = 'C:/Program Files/Unity/Hub/Editor/2020.3.0f1/Editor/Data/MonoBleedingEdge/etc'
Using monoOptions --debugger-agent=transport=dt_socket,embedding=1,server=y,suspend=n,address=127.0.0.1:56716
Begin MonoManager ReloadAssembly
Registering precompiled unity dll's ...
Register platform support module: C:/Program Files/Unity/Hub/Editor/2020.3.0f1/Editor/Data/PlaybackEngines/WindowsStandaloneSupport/UnityEditor.WindowsStandalone.Extensions.dll
Registered in 0.002420 seconds.
Native extension for WindowsStandalone target not found
Refreshing native plugins compatible for Editor in 21.41 ms, found 0 plugins.
Preloading 0 native plugins for Editor in 0.00 ms.
Invoked RoslynAnalysisRunner static constructor.
RoslynAnalysisRunner will not be running.
RoslynAnalysisRunner has terminated.
Mono: successfully reloaded assembly
- Completed reload, in  1.058 seconds
Platform modules already initialized, skipping
Registering precompiled user dll's ...
Registered in 0.001233 seconds.
Begin MonoManager ReloadAssembly
Native extension for WindowsStandalone target not found
Refreshing native plugins compatible for Editor in 0.18 ms, found 0 plugins.
Preloading 0 native plugins for Editor in 0.00 ms.
Invoked RoslynAnalysisRunner static constructor.
RoslynAnalysisRunner will not be running.
RoslynAnalysisRunner has terminated.
Mono: successfully reloaded assembly
- Completed reload, in  0.802 seconds
Platform modules already initialized, skipping
========================================================================
Worker process is ready to serve import requests
Launched and connected shader compiler UnityShaderCompiler.exe after 0.04 seconds
Refreshing native plugins compatible for Editor in 0.18 ms, found 0 plugins.
Preloading 0 native plugins for Editor in 0.00 ms.
Unloading 1113 Unused Serialized files (Serialized files now loaded: 0)
System memory in use before: 56.9 MB.
System memory in use after: 57.0 MB.

Unloading 10 unused Assets to reduce memory usage. Loaded Objects now: 1555.
Total: 1.668100 ms (FindLiveObjects: 0.110300 ms CreateObjectMapping: 0.035100 ms MarkObjects: 1.451400 ms  DeleteObjects: 0.070100 ms)

========================================================================
Received Import Request.
  path: Assets
  artifactKey: Guid(00000000000000001000000000000000) Importer(815301076,1909f56bfc062723c751e8b465ee728b)
Start importing Assets using Guid(00000000000000001000000000000000) Importer(815301076,1909f56bfc062723c751e8b465ee728b)  -> (artifact id: '42baae205c97e3337697759514652acd') in 0.009477 seconds
  Import took 0.011358 seconds .

========================================================================
Received Import Request.
  Time since last request: 0.000197 seconds.
  path: Assets/Scenes
  artifactKey: Guid(c6944126047bdd44ca3dfe409d25d409) Importer(815301076,1909f56bfc062723c751e8b465ee728b)
Start importing Assets/Scenes using Guid(c6944126047bdd44ca3dfe409d25d409) Importer(815301076,1909f56bfc062723c751e8b465ee728b)  -> (artifact id: '422154d7903adbd1da0e9726930aeaa0') in 0.007803 seconds
  Import took 0.009612 seconds .

========================================================================
Received Import Request.
  Time since last request: 8.081623 seconds.
  path: Assets/Scenes/Shooting.unity
  artifactKey: Guid(5834c220b9dd49c4a8ad79fd8c5790b3) Importer(815301076,1909f56bfc062723c751e8b465ee728b)
Start importing Assets/Scenes/Shooting.unity using Guid(5834c220b9dd49c4a8ad79fd8c5790b3) Importer(815301076,1909f56bfc062723c751e8b465ee728b)  -> (artifact id: 'b5a887ac9404b21cc210c476fd06792f') in 0.017007 seconds
  Import took 0.018683 seconds .

========================================================================
Received Import Request.
  Time since last request: 181.014837 seconds.
  path: Assets/Scenes/Mats
  artifactKey: Guid(51ff6528de6043c46bd9c377baeabde4) Importer(815301076,1909f56bfc062723c751e8b465ee728b)
Start importing Assets/Scenes/Mats using Guid(51ff6528de6043c46bd9c377baeabde4) Importer(815301076,1909f56bfc062723c751e8b465ee728b)  -> (artifact id: '8257504ae37d84952f8612214a16fb1d') in 0.009045 seconds
  Import took 0.011085 seconds .

========================================================================
Received Import Request.
  Time since last request: 5.696295 seconds.
  path: Assets/Scenes/Mats/New Material.mat
  artifactKey: Guid(f5c2e1760c7515f42a277cd3f731463a) Importer(815301076,1909f56bfc062723c751e8b465ee728b)
Start importing Assets/Scenes/Mats/New Material.mat using Guid(f5c2e1760c7515f42a277cd3f731463a) Importer(815301076,1909f56bfc062723c751e8b465ee728b)  -> (artifact id: '16955e609a630e9c9efe66ca85bee8e5') in 0.111399 seconds
  Import took 0.113132 seconds .

========================================================================
Received Import Request.
  Time since last request: 32.918579 seconds.
  path: Assets/Scenes/Mats/Player.prefab
  artifactKey: Guid(df0b3727166028447b5b09b789ac622a) Importer(815301076,1909f56bfc062723c751e8b465ee728b)
Start importing Assets/Scenes/Mats/Player.prefab using Guid(df0b3727166028447b5b09b789ac622a) Importer(815301076,1909f56bfc062723c751e8b465ee728b)  -> (artifact id: '659dcae1aa51978eabd3680910094887') in 0.038603 seconds
  Import took 0.040404 seconds .

========================================================================
Received Import Request.
  Time since last request: 74.204961 seconds.
  path: Assets/Scenes/PlayerScript.cs
  artifactKey: Guid(c5cb8fa88f1a03f498ca1d8996c4858b) Importer(815301076,1909f56bfc062723c751e8b465ee728b)
Start importing Assets/Scenes/PlayerScript.cs using Guid(c5cb8fa88f1a03f498ca1d8996c4858b) Importer(815301076,1909f56bfc062723c751e8b465ee728b)  -> (artifact id: '1c85129832e581bfbb1eae11848b1c0a') in 0.018017 seconds
  Import took 0.019931 seconds .

========================================================================
Received Prepare
Registering precompiled user dll's ...
Registered in 0.001310 seconds.
Begin MonoManager ReloadAssembly
Native extension for WindowsStandalone target not found
Refreshing native plugins compatible for Editor in 0.19 ms, found 0 plugins.
Preloading 0 native plugins for Editor in 0.00 ms.
Invoked RoslynAnalysisRunner static constructor.
RoslynAnalysisRunner will not be running.
RoslynAnalysisRunner has terminated.
Mono: successfully reloaded assembly
- Completed reload, in  0.748 seconds
Platform modules already initialized, skipping
Refreshing native plugins compatible for Editor in 0.19 ms, found 0 plugins.
Preloading 0 native plugins for Editor in 0.00 ms.
Unloading 1109 Unused Serialized files (Serialized files now loaded: 0)
System memory in use before: 60.3 MB.
System memory in use after: 60.3 MB.

Unloading 5 unused Assets to reduce memory usage. Loaded Objects now: 1600.
Total: 1.374800 ms (FindLiveObjects: 0.118200 ms CreateObjectMapping: 0.034700 ms MarkObjects: 1.175700 ms  DeleteObjects: 0.045400 ms)

========================================================================
Received Import Request.
  Time since last request: 5.175111 seconds.
  path: Assets/Scenes/Player.prefab
  artifactKey: Guid(df0b3727166028447b5b09b789ac622a) Importer(815301076,1909f56bfc062723c751e8b465ee728b)
Start importing Assets/Scenes/Player.prefab using Guid(df0b3727166028447b5b09b789ac622a) Importer(815301076,1909f56bfc062723c751e8b465ee728b)  -> (artifact id: '437465fb78cc942a617c6ffb511d8600') in 0.052099 seconds
  Import took 0.053851 seconds .

========================================================================
Received Prepare
Registering precompiled user dll's ...
Registered in 0.001408 seconds.
Begin MonoManager ReloadAssembly
Native extension for WindowsStandalone target not found
Refreshing native plugins compatible for Editor in 0.19 ms, found 0 plugins.
Preloading 0 native plugins for Editor in 0.00 ms.
Invoked RoslynAnalysisRunner static constructor.
RoslynAnalysisRunner will not be running.
RoslynAnalysisRunner has terminated.
Mono: successfully reloaded assembly
- Completed reload, in  0.742 seconds
Platform modules already initialized, skipping
Refreshing native plugins compatible for Editor in 0.18 ms, found 0 plugins.
Preloading 0 native plugins for Editor in 0.00 ms.
Unloading 1109 Unused Serialized files (Serialized files now loaded: 0)
System memory in use before: 60.3 MB.
System memory in use after: 60.4 MB.

Unloading 5 unused Assets to reduce memory usage. Loaded Objects now: 1604.
Total: 1.500600 ms (FindLiveObjects: 0.119000 ms CreateObjectMapping: 0.028900 ms MarkObjects: 1.311000 ms  DeleteObjects: 0.040800 ms)

========================================================================
Received Import Request.
  Time since last request: 111.309773 seconds.
  path: Assets/Scenes/PlayerScript.cs
  artifactKey: Guid(c5cb8fa88f1a03f498ca1d8996c4858b) Importer(815301076,1909f56bfc062723c751e8b465ee728b)
Start importing Assets/Scenes/PlayerScript.cs using Guid(c5cb8fa88f1a03f498ca1d8996c4858b) Importer(815301076,1909f56bfc062723c751e8b465ee728b)  -> (artifact id: 'cd921f22ed139d4160b8c88fa8653ed5') in 0.005188 seconds
  Import took 0.006847 seconds .

========================================================================
Received Prepare
Registering precompiled user dll's ...
Registered in 0.001321 seconds.
Begin MonoManager ReloadAssembly
Native extension for WindowsStandalone target not found
Refreshing native plugins compatible for Editor in 0.28 ms, found 0 plugins.
Preloading 0 native plugins for Editor in 0.00 ms.
Invoked RoslynAnalysisRunner static constructor.
RoslynAnalysisRunner will not be running.
RoslynAnalysisRunner has terminated.
Mono: successfully reloaded assembly
- Completed reload, in  0.851 seconds
Platform modules already initialized, skipping
Refreshing native plugins compatible for Editor in 0.19 ms, found 0 plugins.
Preloading 0 native plugins for Editor in 0.00 ms.
Unloading 1109 Unused Serialized files (Serialized files now loaded: 0)
System memory in use before: 60.3 MB.
System memory in use after: 60.4 MB.

Unloading 5 unused Assets to reduce memory usage. Loaded Objects now: 1607.
Total: 1.878300 ms (FindLiveObjects: 0.195100 ms CreateObjectMapping: 0.058000 ms MarkObjects: 1.580400 ms  DeleteObjects: 0.043300 ms)

========================================================================
Received Prepare
Registering precompiled user dll's ...
Registered in 0.001970 seconds.
Begin MonoManager ReloadAssembly
Native extension for WindowsStandalone target not found
Refreshing native plugins compatible for Editor in 0.20 ms, found 0 plugins.
Preloading 0 native plugins for Editor in 0.00 ms.
Invoked RoslynAnalysisRunner static constructor.
RoslynAnalysisRunner will not be running.
RoslynAnalysisRunner has terminated.
Mono: successfully reloaded assembly
- Completed reload, in  0.729 seconds
Platform modules already initialized, skipping
Refreshing native plugins compatible for Editor in 0.20 ms, found 0 plugins.
Preloading 0 native plugins for Editor in 0.00 ms.
Unloading 1109 Unused Serialized files (Serialized files now loaded: 0)
System memory in use before: 60.3 MB.
System memory in use after: 60.4 MB.

Unloading 5 unused Assets to reduce memory usage. Loaded Objects now: 1610.
Total: 1.554800 ms (FindLiveObjects: 0.121300 ms CreateObjectMapping: 0.037600 ms MarkObjects: 1.351500 ms  DeleteObjects: 0.043600 ms)

========================================================================
Received Prepare
Registering precompiled user dll's ...
Registered in 0.001283 seconds.
Begin MonoManager ReloadAssembly
Native extension for WindowsStandalone target not found
Refreshing native plugins compatible for Editor in 0.29 ms, found 0 plugins.
Preloading 0 native plugins for Editor in 0.00 ms.
Invoked RoslynAnalysisRunner static constructor.
RoslynAnalysisRunner will not be running.
RoslynAnalysisRunner has terminated.
Mono: successfully reloaded assembly
- Completed reload, in  0.726 seconds
Platform modules already initialized, skipping
Refreshing native plugins compatible for Editor in 0.22 ms, found 0 plugins.
Preloading 0 native plugins for Editor in 0.00 ms.
Unloading 1109 Unused Serialized files (Serialized files now loaded: 0)
System memory in use before: 60.3 MB.
System memory in use after: 60.4 MB.

Unloading 5 unused Assets to reduce memory usage. Loaded Objects now: 1613.
Total: 1.683600 ms (FindLiveObjects: 0.222500 ms CreateObjectMapping: 0.079200 ms MarkObjects: 1.291700 ms  DeleteObjects: 0.089200 ms)

========================================================================
Received Import Request.
  Time since last request: 404.296624 seconds.
  path: Assets/Scenes/PlayerScript.cs
  artifactKey: Guid(c5cb8fa88f1a03f498ca1d8996c4858b) Importer(815301076,1909f56bfc062723c751e8b465ee728b)
Start importing Assets/Scenes/PlayerScript.cs using Guid(c5cb8fa88f1a03f498ca1d8996c4858b) Importer(815301076,1909f56bfc062723c751e8b465ee728b)  -> (artifact id: 'a2e5aefb84e61b88d9e020055167bfeb') in 0.006518 seconds
  Import took 0.008448 seconds .

========================================================================
Received Import Request.
  Time since last request: 0.024851 seconds.
  path: Assets/Scenes/PlayerScript.cs
  artifactKey: Guid(c5cb8fa88f1a03f498ca1d8996c4858b) Importer(815301076,1909f56bfc062723c751e8b465ee728b)
Start importing Assets/Scenes/PlayerScript.cs using Guid(c5cb8fa88f1a03f498ca1d8996c4858b) Importer(815301076,1909f56bfc062723c751e8b465ee728b)  -> (artifact id: 'a2e5aefb84e61b88d9e020055167bfeb') in 0.004591 seconds
  Import took 0.006480 seconds .

========================================================================
Received Prepare
Registering precompiled user dll's ...
Registered in 0.001281 seconds.
Begin MonoManager ReloadAssembly
Native extension for WindowsStandalone target not found
Refreshing native plugins compatible for Editor in 0.19 ms, found 0 plugins.
Preloading 0 native plugins for Editor in 0.00 ms.
Invoked RoslynAnalysisRunner static constructor.
RoslynAnalysisRunner will not be running.
RoslynAnalysisRunner has terminated.
Mono: successfully reloaded assembly
- Completed reload, in  0.720 seconds
Platform modules already initialized, skipping
Refreshing native plugins compatible for Editor in 0.19 ms, found 0 plugins.
Preloading 0 native plugins for Editor in 0.00 ms.
Unloading 1109 Unused Serialized files (Serialized files now loaded: 0)
System memory in use before: 60.3 MB.
System memory in use after: 60.4 MB.

Unloading 5 unused Assets to reduce memory usage. Loaded Objects now: 1616.
Total: 1.890100 ms (FindLiveObjects: 0.192600 ms CreateObjectMapping: 0.057600 ms MarkObjects: 1.590100 ms  DeleteObjects: 0.048800 ms)

========================================================================
Received Import Request.
  Time since last request: 13.068675 seconds.
  path: Assets/Scenes/PlayerScript.cs
  artifactKey: Guid(c5cb8fa88f1a03f498ca1d8996c4858b) Importer(815301076,1909f56bfc062723c751e8b465ee728b)
Start importing Assets/Scenes/PlayerScript.cs using Guid(c5cb8fa88f1a03f498ca1d8996c4858b) Importer(815301076,1909f56bfc062723c751e8b465ee728b)  -> (artifact id: '28c720a770fbc0a4123f6afde416c347') in 0.006968 seconds
  Import took 0.009001 seconds .

========================================================================
Received Import Request.
  Time since last request: 1.097669 seconds.
  path: Assets/Scenes/PlayerScript.cs
  artifactKey: Guid(c5cb8fa88f1a03f498ca1d8996c4858b) Importer(815301076,1909f56bfc062723c751e8b465ee728b)
Start importing Assets/Scenes/PlayerScript.cs using Guid(c5cb8fa88f1a03f498ca1d8996c4858b) Importer(815301076,1909f56bfc062723c751e8b465ee728b)  -> (artifact id: '28c720a770fbc0a4123f6afde416c347') in 0.004182 seconds
  Import took 0.005882 seconds .

========================================================================
Received Prepare
Registering precompiled user dll's ...
Registered in 0.001261 seconds.
Begin MonoManager ReloadAssembly
Native extension for WindowsStandalone target not found
Refreshing native plugins compatible for Editor in 0.19 ms, found 0 plugins.
Preloading 0 native plugins for Editor in 0.00 ms.
Invoked RoslynAnalysisRunner static constructor.
RoslynAnalysisRunner will not be running.
RoslynAnalysisRunner has terminated.
Mono: successfully reloaded assembly
- Completed reload, in  0.723 seconds
Platform modules already initialized, skipping
Refreshing native plugins compatible for Editor in 0.18 ms, found 0 plugins.
Preloading 0 native plugins for Editor in 0.00 ms.
Unloading 1109 Unused Serialized files (Serialized files now loaded: 0)
System memory in use before: 60.4 MB.
System memory in use after: 60.5 MB.

Unloading 5 unused Assets to reduce memory usage. Loaded Objects now: 1619.
Total: 1.808800 ms (FindLiveObjects: 0.137300 ms CreateObjectMapping: 0.039800 ms MarkObjects: 1.581600 ms  DeleteObjects: 0.048900 ms)

========================================================================
Received Import Request.
  Time since last request: 20.842758 seconds.
  path: Assets/Scenes/PlayerScript.cs
  artifactKey: Guid(c5cb8fa88f1a03f498ca1d8996c4858b) Importer(815301076,1909f56bfc062723c751e8b465ee728b)
Start importing Assets/Scenes/PlayerScript.cs using Guid(c5cb8fa88f1a03f498ca1d8996c4858b) Importer(815301076,1909f56bfc062723c751e8b465ee728b)  -> (artifact id: '0425bd6ba9e3763a8ff4f5b1be2253bc') in 0.005110 seconds
  Import took 0.006751 seconds .

========================================================================
Received Prepare
Registering precompiled user dll's ...
Registered in 0.001386 seconds.
Begin MonoManager ReloadAssembly
Native extension for WindowsStandalone target not found
Refreshing native plugins compatible for Editor in 0.27 ms, found 0 plugins.
Preloading 0 native plugins for Editor in 0.00 ms.
Invoked RoslynAnalysisRunner static constructor.
RoslynAnalysisRunner will not be running.
RoslynAnalysisRunner has terminated.
Mono: successfully reloaded assembly
- Completed reload, in  0.746 seconds
Platform modules already initialized, skipping
Refreshing native plugins compatible for Editor in 0.19 ms, found 0 plugins.
Preloading 0 native plugins for Editor in 0.00 ms.
Unloading 1109 Unused Serialized files (Serialized files now loaded: 0)
System memory in use before: 60.4 MB.
System memory in use after: 60.5 MB.

Unloading 5 unused Assets to reduce memory usage. Loaded Objects now: 1622.
Total: 1.535100 ms (FindLiveObjects: 0.132700 ms CreateObjectMapping: 0.034400 ms MarkObjects: 1.319400 ms  DeleteObjects: 0.047800 ms)

========================================================================
Received Import Request.
  Time since last request: 14.690622 seconds.
  path: Assets/Scenes/PlayerScript.cs
  artifactKey: Guid(c5cb8fa88f1a03f498ca1d8996c4858b) Importer(815301076,1909f56bfc062723c751e8b465ee728b)
Start importing Assets/Scenes/PlayerScript.cs using Guid(c5cb8fa88f1a03f498ca1d8996c4858b) Importer(815301076,1909f56bfc062723c751e8b465ee728b)  -> (artifact id: 'e57035d5f503070a8787cfc890019b2a') in 0.005256 seconds
  Import took 0.006933 seconds .

========================================================================
Received Import Request.
  Time since last request: 1.087445 seconds.
  path: Assets/Scenes/PlayerScript.cs
  artifactKey: Guid(c5cb8fa88f1a03f498ca1d8996c4858b) Importer(815301076,1909f56bfc062723c751e8b465ee728b)
Start importing Assets/Scenes/PlayerScript.cs using Guid(c5cb8fa88f1a03f498ca1d8996c4858b) Importer(815301076,1909f56bfc062723c751e8b465ee728b)  -> (artifact id: 'e57035d5f503070a8787cfc890019b2a') in 0.004160 seconds
  Import took 0.005803 seconds .

========================================================================
Received Prepare
Registering precompiled user dll's ...
Registered in 0.001416 seconds.
Begin MonoManager ReloadAssembly
Native extension for WindowsStandalone target not found
Refreshing native plugins compatible for Editor in 0.20 ms, found 0 plugins.
Preloading 0 native plugins for Editor in 0.00 ms.
Invoked RoslynAnalysisRunner static constructor.
RoslynAnalysisRunner will not be running.
RoslynAnalysisRunner has terminated.
Mono: successfully reloaded assembly
- Completed reload, in  0.774 seconds
Platform modules already initialized, skipping
Refreshing native plugins compatible for Editor in 0.19 ms, found 0 plugins.
Preloading 0 native plugins for Editor in 0.00 ms.
Unloading 1109 Unused Serialized files (Serialized files now loaded: 0)
System memory in use before: 60.4 MB.
System memory in use after: 60.5 MB.

Unloading 5 unused Assets to reduce memory usage. Loaded Objects now: 1625.
Total: 1.579800 ms (FindLiveObjects: 0.141200 ms CreateObjectMapping: 0.039000 ms MarkObjects: 1.356900 ms  DeleteObjects: 0.041900 ms)

========================================================================
Received Prepare
Registering precompiled user dll's ...
Registered in 0.001278 seconds.
Begin MonoManager ReloadAssembly
Native extension for WindowsStandalone target not found
Refreshing native plugins compatible for Editor in 0.20 ms, found 0 plugins.
Preloading 0 native plugins for Editor in 0.00 ms.
Invoked RoslynAnalysisRunner static constructor.
RoslynAnalysisRunner will not be running.
RoslynAnalysisRunner has terminated.
Mono: successfully reloaded assembly
- Completed reload, in  0.731 seconds
Platform modules already initialized, skipping
Refreshing native plugins compatible for Editor in 0.18 ms, found 0 plugins.
Preloading 0 native plugins for Editor in 0.00 ms.
Unloading 1109 Unused Serialized files (Serialized files now loaded: 0)
System memory in use before: 60.4 MB.
System memory in use after: 60.5 MB.

Unloading 5 unused Assets to reduce memory usage. Loaded Objects now: 1628.
Total: 1.885700 ms (FindLiveObjects: 0.191500 ms CreateObjectMapping: 0.036300 ms MarkObjects: 1.572800 ms  DeleteObjects: 0.083600 ms)

========================================================================
Received Prepare
Registering precompiled user dll's ...
Registered in 0.001270 seconds.
Begin MonoManager ReloadAssembly
Native extension for WindowsStandalone target not found
Refreshing native plugins compatible for Editor in 0.18 ms, found 0 plugins.
Preloading 0 native plugins for Editor in 0.00 ms.
Invoked RoslynAnalysisRunner static constructor.
RoslynAnalysisRunner will not be running.
RoslynAnalysisRunner has terminated.
Mono: successfully reloaded assembly
- Completed reload, in  0.718 seconds
Platform modules already initialized, skipping
Refreshing native plugins compatible for Editor in 0.18 ms, found 0 plugins.
Preloading 0 native plugins for Editor in 0.00 ms.
Unloading 1109 Unused Serialized files (Serialized files now loaded: 0)
System memory in use before: 60.4 MB.
System memory in use after: 60.5 MB.

Unloading 5 unused Assets to reduce memory usage. Loaded Objects now: 1631.
Total: 1.805600 ms (FindLiveObjects: 0.131500 ms CreateObjectMapping: 0.044700 ms MarkObjects: 1.580500 ms  DeleteObjects: 0.047800 ms)

========================================================================
Received Prepare
Registering precompiled user dll's ...
Registered in 0.001189 seconds.
Begin MonoManager ReloadAssembly
Native extension for WindowsStandalone target not found
Refreshing native plugins compatible for Editor in 0.20 ms, found 0 plugins.
Preloading 0 native plugins for Editor in 0.00 ms.
Invoked RoslynAnalysisRunner static constructor.
RoslynAnalysisRunner will not be running.
RoslynAnalysisRunner has terminated.
Mono: successfully reloaded assembly
- Completed reload, in  0.739 seconds
Platform modules already initialized, skipping
Refreshing native plugins compatible for Editor in 0.18 ms, found 0 plugins.
Preloading 0 native plugins for Editor in 0.00 ms.
Unloading 1109 Unused Serialized files (Serialized files now loaded: 0)
System memory in use before: 60.4 MB.
System memory in use after: 60.5 MB.

Unloading 5 unused Assets to reduce memory usage. Loaded Objects now: 1634.
Total: 1.644300 ms (FindLiveObjects: 0.135500 ms CreateObjectMapping: 0.034200 ms MarkObjects: 1.426600 ms  DeleteObjects: 0.046600 ms)

========================================================================
Received Import Request.
  Time since last request: 1186.404902 seconds.
  path: Assets/Scenes/PlayerScript.cs
  artifactKey: Guid(c5cb8fa88f1a03f498ca1d8996c4858b) Importer(815301076,1909f56bfc062723c751e8b465ee728b)
Start importing Assets/Scenes/PlayerScript.cs using Guid(c5cb8fa88f1a03f498ca1d8996c4858b) Importer(815301076,1909f56bfc062723c751e8b465ee728b)  -> (artifact id: '185c8419aa24a485463f9d1d5dd592ad') in 0.006518 seconds
  Import took 0.008311 seconds .

========================================================================
Received Import Request.
  Time since last request: 0.000565 seconds.
  path: Assets/Scenes/PlayerScript.cs
  artifactKey: Guid(c5cb8fa88f1a03f498ca1d8996c4858b) Importer(815301076,1909f56bfc062723c751e8b465ee728b)
Start importing Assets/Scenes/PlayerScript.cs using Guid(c5cb8fa88f1a03f498ca1d8996c4858b) Importer(815301076,1909f56bfc062723c751e8b465ee728b)  -> (artifact id: '185c8419aa24a485463f9d1d5dd592ad') in 0.004928 seconds
  Import took 0.006828 seconds .

========================================================================
Received Prepare
Registering precompiled user dll's ...
Registered in 0.001571 seconds.
Begin MonoManager ReloadAssembly
Native extension for WindowsStandalone target not found
Refreshing native plugins compatible for Editor in 0.22 ms, found 0 plugins.
Preloading 0 native plugins for Editor in 0.00 ms.
Invoked RoslynAnalysisRunner static constructor.
RoslynAnalysisRunner will not be running.
RoslynAnalysisRunner has terminated.
Mono: successfully reloaded assembly
- Completed reload, in  0.761 seconds
Platform modules already initialized, skipping
Refreshing native plugins compatible for Editor in 0.21 ms, found 0 plugins.
Preloading 0 native plugins for Editor in 0.00 ms.
Unloading 1109 Unused Serialized files (Serialized files now loaded: 0)
System memory in use before: 60.4 MB.
System memory in use after: 60.5 MB.

Unloading 5 unused Assets to reduce memory usage. Loaded Objects now: 1637.
Total: 1.720700 ms (FindLiveObjects: 0.166900 ms CreateObjectMapping: 0.058100 ms MarkObjects: 1.444000 ms  DeleteObjects: 0.050600 ms)

========================================================================
Received Import Request.
  Time since last request: 8.999577 seconds.
  path: Assets/Scenes/PlayerScript.cs
  artifactKey: Guid(c5cb8fa88f1a03f498ca1d8996c4858b) Importer(815301076,1909f56bfc062723c751e8b465ee728b)
Start importing Assets/Scenes/PlayerScript.cs using Guid(c5cb8fa88f1a03f498ca1d8996c4858b) Importer(815301076,1909f56bfc062723c751e8b465ee728b)  -> (artifact id: '75428019717aa47e6f513805ae45b444') in 0.006595 seconds
  Import took 0.008446 seconds .

========================================================================
Received Import Request.
  Time since last request: 1.116714 seconds.
  path: Assets/Scenes/PlayerScript.cs
  artifactKey: Guid(c5cb8fa88f1a03f498ca1d8996c4858b) Importer(815301076,1909f56bfc062723c751e8b465ee728b)
Start importing Assets/Scenes/PlayerScript.cs using Guid(c5cb8fa88f1a03f498ca1d8996c4858b) Importer(815301076,1909f56bfc062723c751e8b465ee728b)  -> (artifact id: '75428019717aa47e6f513805ae45b444') in 0.004303 seconds
  Import took 0.006017 seconds .

========================================================================
Received Prepare
Registering precompiled user dll's ...
Registered in 0.001549 seconds.
Begin MonoManager ReloadAssembly
Native extension for WindowsStandalone target not found
Refreshing native plugins compatible for Editor in 0.20 ms, found 0 plugins.
Preloading 0 native plugins for Editor in 0.00 ms.
Invoked RoslynAnalysisRunner static constructor.
RoslynAnalysisRunner will not be running.
RoslynAnalysisRunner has terminated.
Mono: successfully reloaded assembly
- Completed reload, in  0.729 seconds
Platform modules already initialized, skipping
Refreshing native plugins compatible for Editor in 0.18 ms, found 0 plugins.
Preloading 0 native plugins for Editor in 0.00 ms.
Unloading 1109 Unused Serialized files (Serialized files now loaded: 0)
System memory in use before: 60.4 MB.
System memory in use after: 60.5 MB.

Unloading 5 unused Assets to reduce memory usage. Loaded Objects now: 1640.
Total: 1.583400 ms (FindLiveObjects: 0.135100 ms CreateObjectMapping: 0.032000 ms MarkObjects: 1.375000 ms  DeleteObjects: 0.040100 ms)

========================================================================
Received Prepare
Registering precompiled user dll's ...
Registered in 0.001368 seconds.
Begin MonoManager ReloadAssembly
Native extension for WindowsStandalone target not found
Refreshing native plugins compatible for Editor in 0.18 ms, found 0 plugins.
Preloading 0 native plugins for Editor in 0.00 ms.
Invoked RoslynAnalysisRunner static constructor.
RoslynAnalysisRunner will not be running.
RoslynAnalysisRunner has terminated.
Mono: successfully reloaded assembly
- Completed reload, in  0.729 seconds
Platform modules already initialized, skipping
Refreshing native plugins compatible for Editor in 0.18 ms, found 0 plugins.
Preloading 0 native plugins for Editor in 0.00 ms.
Unloading 1109 Unused Serialized files (Serialized files now loaded: 0)
System memory in use before: 60.4 MB.
System memory in use after: 60.5 MB.

Unloading 5 unused Assets to reduce memory usage. Loaded Objects now: 1643.
Total: 1.687900 ms (FindLiveObjects: 0.144000 ms CreateObjectMapping: 0.036900 ms MarkObjects: 1.453500 ms  DeleteObjects: 0.052100 ms)

========================================================================
Received Import Request.
  Time since last request: 847.005096 seconds.
  path: Assets/Scenes/PlayerScript.cs
  artifactKey: Guid(c5cb8fa88f1a03f498ca1d8996c4858b) Importer(815301076,1909f56bfc062723c751e8b465ee728b)
Start importing Assets/Scenes/PlayerScript.cs using Guid(c5cb8fa88f1a03f498ca1d8996c4858b) Importer(815301076,1909f56bfc062723c751e8b465ee728b)  -> (artifact id: 'd6e56aa360b86bedd38255bfed43a103') in 0.005208 seconds
  Import took 0.006870 seconds .

========================================================================
Received Import Request.
  Time since last request: 0.000313 seconds.
  path: Assets/Scenes/Player.prefab
  artifactKey: Guid(df0b3727166028447b5b09b789ac622a) Importer(815301076,1909f56bfc062723c751e8b465ee728b)
Start importing Assets/Scenes/Player.prefab using Guid(df0b3727166028447b5b09b789ac622a) Importer(815301076,1909f56bfc062723c751e8b465ee728b)  -> (artifact id: '9bffd1b797b10390ddcccd6f1ba63184') in 0.058979 seconds
  Import took 0.060612 seconds .

========================================================================
Received Import Request.
  Time since last request: 2.248394 seconds.
  path: Assets/Scenes/Bullet.prefab
  artifactKey: Guid(6879836d651746b4aab12422bf869e74) Importer(815301076,1909f56bfc062723c751e8b465ee728b)
Start importing Assets/Scenes/Bullet.prefab using Guid(6879836d651746b4aab12422bf869e74) Importer(815301076,1909f56bfc062723c751e8b465ee728b)  -> (artifact id: 'eb4a9e39c340b74b1d1af40a8c33196c') in 0.019284 seconds
  Import took 0.021669 seconds .

========================================================================
Received Import Request.
  Time since last request: 0.055168 seconds.
  path: Assets/Scenes/Bullet.prefab
  artifactKey: Guid(6879836d651746b4aab12422bf869e74) Importer(815301076,1909f56bfc062723c751e8b465ee728b)
Start importing Assets/Scenes/Bullet.prefab using Guid(6879836d651746b4aab12422bf869e74) Importer(815301076,1909f56bfc062723c751e8b465ee728b)  -> (artifact id: 'eb4a9e39c340b74b1d1af40a8c33196c') in 0.010237 seconds
  Import took 0.011941 seconds .

========================================================================
Received Import Request.
  Time since last request: 16.930118 seconds.
  path: Assets/Scenes/SampleScene.unity
  artifactKey: Guid(9fc0d4010bbf28b4594072e72b8655ab) Importer(815301076,1909f56bfc062723c751e8b465ee728b)
Start importing Assets/Scenes/SampleScene.unity using Guid(9fc0d4010bbf28b4594072e72b8655ab) Importer(815301076,1909f56bfc062723c751e8b465ee728b)  -> (artifact id: 'edfea7b37f9460979c44f696eedd7d1b') in 0.009639 seconds
  Import took 0.011326 seconds .

========================================================================
Received Import Request.
  Time since last request: 61.811782 seconds.
  path: Assets/Scenes/Mats/New Material 1.mat
  artifactKey: Guid(61daa5b327648724c8f7fdb2597e07f1) Importer(815301076,1909f56bfc062723c751e8b465ee728b)
Start importing Assets/Scenes/Mats/New Material 1.mat using Guid(61daa5b327648724c8f7fdb2597e07f1) Importer(815301076,1909f56bfc062723c751e8b465ee728b)  -> (artifact id: '0a824f815c3c9249f32da1baa27403b1') in 0.027599 seconds
  Import took 0.029330 seconds .

========================================================================
Received Import Request.
  Time since last request: 10.450296 seconds.
  path: Assets/Scenes/Bullet.prefab
  artifactKey: Guid(6879836d651746b4aab12422bf869e74) Importer(815301076,1909f56bfc062723c751e8b465ee728b)
Start importing Assets/Scenes/Bullet.prefab using Guid(6879836d651746b4aab12422bf869e74) Importer(815301076,1909f56bfc062723c751e8b465ee728b)  -> (artifact id: '8135777ad93c26538b5abdc0784fb566') in 0.013744 seconds
  Import took 0.015788 seconds .

========================================================================
Received Prepare
Registering precompiled user dll's ...
Registered in 0.001380 seconds.
Begin MonoManager ReloadAssembly
Native extension for WindowsStandalone target not found
Refreshing native plugins compatible for Editor in 0.32 ms, found 0 plugins.
Preloading 0 native plugins for Editor in 0.00 ms.
Invoked RoslynAnalysisRunner static constructor.
RoslynAnalysisRunner will not be running.
RoslynAnalysisRunner has terminated.
Mono: successfully reloaded assembly
- Completed reload, in  0.766 seconds
Platform modules already initialized, skipping
Refreshing native plugins compatible for Editor in 0.18 ms, found 0 plugins.
Preloading 0 native plugins for Editor in 0.00 ms.
Unloading 1109 Unused Serialized files (Serialized files now loaded: 0)
System memory in use before: 60.5 MB.
System memory in use after: 60.6 MB.

Unloading 6 unused Assets to reduce memory usage. Loaded Objects now: 1648.
Total: 1.505900 ms (FindLiveObjects: 0.125500 ms CreateObjectMapping: 0.031700 ms MarkObjects: 1.305000 ms  DeleteObjects: 0.042600 ms)

========================================================================
Received Prepare
Registering precompiled user dll's ...
Registered in 0.001932 seconds.
Begin MonoManager ReloadAssembly
Native extension for WindowsStandalone target not found
Refreshing native plugins compatible for Editor in 0.19 ms, found 0 plugins.
Preloading 0 native plugins for Editor in 0.00 ms.
Invoked RoslynAnalysisRunner static constructor.
RoslynAnalysisRunner will not be running.
RoslynAnalysisRunner has terminated.
Mono: successfully reloaded assembly
- Completed reload, in  0.776 seconds
Platform modules already initialized, skipping
Refreshing native plugins compatible for Editor in 0.19 ms, found 0 plugins.
Preloading 0 native plugins for Editor in 0.00 ms.
Unloading 1109 Unused Serialized files (Serialized files now loaded: 0)
System memory in use before: 60.5 MB.
System memory in use after: 60.6 MB.

Unloading 5 unused Assets to reduce memory usage. Loaded Objects now: 1651.
Total: 1.587000 ms (FindLiveObjects: 0.204400 ms CreateObjectMapping: 0.036500 ms MarkObjects: 1.306600 ms  DeleteObjects: 0.038600 ms)

========================================================================
Received Prepare
Registering precompiled user dll's ...
Registered in 0.001482 seconds.
Begin MonoManager ReloadAssembly
Native extension for WindowsStandalone target not found
Refreshing native plugins compatible for Editor in 0.18 ms, found 0 plugins.
Preloading 0 native plugins for Editor in 0.00 ms.
Invoked RoslynAnalysisRunner static constructor.
RoslynAnalysisRunner will not be running.
RoslynAnalysisRunner has terminated.
Mono: successfully reloaded assembly
- Completed reload, in  0.723 seconds
Platform modules already initialized, skipping
Refreshing native plugins compatible for Editor in 0.18 ms, found 0 plugins.
Preloading 0 native plugins for Editor in 0.00 ms.
Unloading 1109 Unused Serialized files (Serialized files now loaded: 0)
System memory in use before: 60.5 MB.
System memory in use after: 60.6 MB.

Unloading 5 unused Assets to reduce memory usage. Loaded Objects now: 1654.
Total: 1.623400 ms (FindLiveObjects: 0.127700 ms CreateObjectMapping: 0.038900 ms MarkObjects: 1.412300 ms  DeleteObjects: 0.043300 ms)

========================================================================
Received Prepare
Registering precompiled user dll's ...
Registered in 0.001298 seconds.
Begin MonoManager ReloadAssembly
Native extension for WindowsStandalone target not found
Refreshing native plugins compatible for Editor in 0.19 ms, found 0 plugins.
Preloading 0 native plugins for Editor in 0.00 ms.
Invoked RoslynAnalysisRunner static constructor.
RoslynAnalysisRunner will not be running.
RoslynAnalysisRunner has terminated.
Mono: successfully reloaded assembly
- Completed reload, in  0.713 seconds
Platform modules already initialized, skipping
Refreshing native plugins compatible for Editor in 0.18 ms, found 0 plugins.
Preloading 0 native plugins for Editor in 0.00 ms.
Unloading 1109 Unused Serialized files (Serialized files now loaded: 0)
System memory in use before: 60.5 MB.
System memory in use after: 60.6 MB.

Unloading 5 unused Assets to reduce memory usage. Loaded Objects now: 1657.
Total: 1.655600 ms (FindLiveObjects: 0.156600 ms CreateObjectMapping: 0.045100 ms MarkObjects: 1.410000 ms  DeleteObjects: 0.042900 ms)

========================================================================
Received Prepare
Registering precompiled user dll's ...
Registered in 0.001286 seconds.
Begin MonoManager ReloadAssembly
Native extension for WindowsStandalone target not found
Refreshing native plugins compatible for Editor in 0.19 ms, found 0 plugins.
Preloading 0 native plugins for Editor in 0.00 ms.
Invoked RoslynAnalysisRunner static constructor.
RoslynAnalysisRunner will not be running.
RoslynAnalysisRunner has terminated.
Mono: successfully reloaded assembly
- Completed reload, in  0.762 seconds
Platform modules already initialized, skipping
Refreshing native plugins compatible for Editor in 0.18 ms, found 0 plugins.
Preloading 0 native plugins for Editor in 0.00 ms.
Unloading 1109 Unused Serialized files (Serialized files now loaded: 0)
System memory in use before: 60.5 MB.
System memory in use after: 60.6 MB.

Unloading 5 unused Assets to reduce memory usage. Loaded Objects now: 1660.
Total: 1.798100 ms (FindLiveObjects: 0.208600 ms CreateObjectMapping: 0.051400 ms MarkObjects: 1.493300 ms  DeleteObjects: 0.043500 ms)

========================================================================
Received Prepare
Registering precompiled user dll's ...
Registered in 0.001433 seconds.
Begin MonoManager ReloadAssembly
Native extension for WindowsStandalone target not found
Refreshing native plugins compatible for Editor in 0.18 ms, found 0 plugins.
Preloading 0 native plugins for Editor in 0.00 ms.
Invoked RoslynAnalysisRunner static constructor.
RoslynAnalysisRunner will not be running.
RoslynAnalysisRunner has terminated.
Mono: successfully reloaded assembly
- Completed reload, in  0.761 seconds
Platform modules already initialized, skipping
Refreshing native plugins compatible for Editor in 0.20 ms, found 0 plugins.
Preloading 0 native plugins for Editor in 0.00 ms.
Unloading 1109 Unused Serialized files (Serialized files now loaded: 0)
System memory in use before: 60.5 MB.
System memory in use after: 60.6 MB.

Unloading 5 unused Assets to reduce memory usage. Loaded Objects now: 1663.
Total: 1.696100 ms (FindLiveObjects: 0.161700 ms CreateObjectMapping: 0.065900 ms MarkObjects: 1.420400 ms  DeleteObjects: 0.046900 ms)

========================================================================
Received Prepare
Registering precompiled user dll's ...
Registered in 0.001265 seconds.
Begin MonoManager ReloadAssembly
Native extension for WindowsStandalone target not found
Refreshing native plugins compatible for Editor in 0.18 ms, found 0 plugins.
Preloading 0 native plugins for Editor in 0.00 ms.
Invoked RoslynAnalysisRunner static constructor.
RoslynAnalysisRunner will not be running.
RoslynAnalysisRunner has terminated.
Mono: successfully reloaded assembly
- Completed reload, in  0.753 seconds
Platform modules already initialized, skipping
Refreshing native plugins compatible for Editor in 0.18 ms, found 0 plugins.
Preloading 0 native plugins for Editor in 0.00 ms.
Unloading 1109 Unused Serialized files (Serialized files now loaded: 0)
System memory in use before: 60.5 MB.
System memory in use after: 60.6 MB.

Unloading 5 unused Assets to reduce memory usage. Loaded Objects now: 1666.
Total: 1.457400 ms (FindLiveObjects: 0.127700 ms CreateObjectMapping: 0.037500 ms MarkObjects: 1.243600 ms  DeleteObjects: 0.047200 ms)

========================================================================
Received Import Request.
  Time since last request: 710.560924 seconds.
  path: Assets/Scenes/BulletScript.cs
  artifactKey: Guid(a723593504b6b5e4196b220b4d16b495) Importer(815301076,1909f56bfc062723c751e8b465ee728b)
Start importing Assets/Scenes/BulletScript.cs using Guid(a723593504b6b5e4196b220b4d16b495) Importer(815301076,1909f56bfc062723c751e8b465ee728b)  -> (artifact id: '3a76a98588ceea185b33e4be122234c6') in 0.011649 seconds
  Import took 0.013575 seconds .

========================================================================
Received Prepare
Registering precompiled user dll's ...
Registered in 0.001474 seconds.
Begin MonoManager ReloadAssembly
Native extension for WindowsStandalone target not found
Refreshing native plugins compatible for Editor in 0.20 ms, found 0 plugins.
Preloading 0 native plugins for Editor in 0.00 ms.
Invoked RoslynAnalysisRunner static constructor.
RoslynAnalysisRunner will not be running.
RoslynAnalysisRunner has terminated.
Mono: successfully reloaded assembly
- Completed reload, in  0.759 seconds
Platform modules already initialized, skipping
Refreshing native plugins compatible for Editor in 0.18 ms, found 0 plugins.
Preloading 0 native plugins for Editor in 0.00 ms.
Unloading 1110 Unused Serialized files (Serialized files now loaded: 0)
System memory in use before: 60.5 MB.
System memory in use after: 60.6 MB.

Unloading 5 unused Assets to reduce memory usage. Loaded Objects now: 1670.
Total: 1.833500 ms (FindLiveObjects: 0.137700 ms CreateObjectMapping: 0.034700 ms MarkObjects: 1.614100 ms  DeleteObjects: 0.046400 ms)

========================================================================
Received Import Request.
  Time since last request: 3.684534 seconds.
  path: Assets/Scenes/Bullet.prefab
  artifactKey: Guid(6879836d651746b4aab12422bf869e74) Importer(815301076,1909f56bfc062723c751e8b465ee728b)
Start importing Assets/Scenes/Bullet.prefab using Guid(6879836d651746b4aab12422bf869e74) Importer(815301076,1909f56bfc062723c751e8b465ee728b)  -> (artifact id: 'e4ab36a24d1e5da61c4e60866937ff58') in 0.054530 seconds
  Import took 0.056417 seconds .

========================================================================
Received Prepare
Registering precompiled user dll's ...
Registered in 0.001267 seconds.
Begin MonoManager ReloadAssembly
Native extension for WindowsStandalone target not found
Refreshing native plugins compatible for Editor in 0.20 ms, found 0 plugins.
Preloading 0 native plugins for Editor in 0.00 ms.
Invoked RoslynAnalysisRunner static constructor.
RoslynAnalysisRunner will not be running.
RoslynAnalysisRunner has terminated.
Mono: successfully reloaded assembly
- Completed reload, in  0.777 seconds
Platform modules already initialized, skipping
Refreshing native plugins compatible for Editor in 0.19 ms, found 0 plugins.
Preloading 0 native plugins for Editor in 0.00 ms.
Unloading 1110 Unused Serialized files (Serialized files now loaded: 0)
System memory in use before: 60.5 MB.
System memory in use after: 60.6 MB.

Unloading 5 unused Assets to reduce memory usage. Loaded Objects now: 1674.
Total: 2.185700 ms (FindLiveObjects: 0.372000 ms CreateObjectMapping: 0.086200 ms MarkObjects: 1.642100 ms  DeleteObjects: 0.084200 ms)

========================================================================
Received Prepare
Registering precompiled user dll's ...
Registered in 0.001316 seconds.
Begin MonoManager ReloadAssembly
Native extension for WindowsStandalone target not found
Refreshing native plugins compatible for Editor in 0.18 ms, found 0 plugins.
Preloading 0 native plugins for Editor in 0.00 ms.
Invoked RoslynAnalysisRunner static constructor.
RoslynAnalysisRunner will not be running.
RoslynAnalysisRunner has terminated.
Mono: successfully reloaded assembly
- Completed reload, in  0.741 seconds
Platform modules already initialized, skipping
Refreshing native plugins compatible for Editor in 0.19 ms, found 0 plugins.
Preloading 0 native plugins for Editor in 0.00 ms.
Unloading 1110 Unused Serialized files (Serialized files now loaded: 0)
System memory in use before: 60.5 MB.
System memory in use after: 60.6 MB.

Unloading 5 unused Assets to reduce memory usage. Loaded Objects now: 1677.
Total: 1.693000 ms (FindLiveObjects: 0.170900 ms CreateObjectMapping: 0.046100 ms MarkObjects: 1.431200 ms  DeleteObjects: 0.043800 ms)

========================================================================
Received Prepare
Registering precompiled user dll's ...
Registered in 0.001448 seconds.
Begin MonoManager ReloadAssembly
Native extension for WindowsStandalone target not found
Refreshing native plugins compatible for Editor in 0.18 ms, found 0 plugins.
Preloading 0 native plugins for Editor in 0.00 ms.
Invoked RoslynAnalysisRunner static constructor.
RoslynAnalysisRunner will not be running.
RoslynAnalysisRunner has terminated.
Mono: successfully reloaded assembly
- Completed reload, in  0.737 seconds
Platform modules already initialized, skipping
Refreshing native plugins compatible for Editor in 0.18 ms, found 0 plugins.
Preloading 0 native plugins for Editor in 0.00 ms.
Unloading 1110 Unused Serialized files (Serialized files now loaded: 0)
System memory in use before: 60.6 MB.
System memory in use after: 60.6 MB.

Unloading 5 unused Assets to reduce memory usage. Loaded Objects now: 1680.
Total: 1.997800 ms (FindLiveObjects: 0.215500 ms CreateObjectMapping: 0.053600 ms MarkObjects: 1.680200 ms  DeleteObjects: 0.047100 ms)

========================================================================
Received Import Request.
  Time since last request: 371.691463 seconds.
  path: Assets/Scenes/BulletScript.cs
  artifactKey: Guid(a723593504b6b5e4196b220b4d16b495) Importer(815301076,1909f56bfc062723c751e8b465ee728b)
Start importing Assets/Scenes/BulletScript.cs using Guid(a723593504b6b5e4196b220b4d16b495) Importer(815301076,1909f56bfc062723c751e8b465ee728b)  -> (artifact id: '2f34af2dd7b90b1b781e0f7a2c7a72db') in 0.005425 seconds
  Import took 0.007127 seconds .

========================================================================
Received Import Request.
  Time since last request: 1.456470 seconds.
  path: Assets/Scenes/BulletScript.cs
  artifactKey: Guid(a723593504b6b5e4196b220b4d16b495) Importer(815301076,1909f56bfc062723c751e8b465ee728b)
Start importing Assets/Scenes/BulletScript.cs using Guid(a723593504b6b5e4196b220b4d16b495) Importer(815301076,1909f56bfc062723c751e8b465ee728b)  -> (artifact id: '2f34af2dd7b90b1b781e0f7a2c7a72db') in 0.003737 seconds
  Import took 0.005581 seconds .

========================================================================
Received Prepare
Registering precompiled user dll's ...
Registered in 0.001337 seconds.
Begin MonoManager ReloadAssembly
Native extension for WindowsStandalone target not found
Refreshing native plugins compatible for Editor in 0.18 ms, found 0 plugins.
Preloading 0 native plugins for Editor in 0.00 ms.
Invoked RoslynAnalysisRunner static constructor.
RoslynAnalysisRunner will not be running.
RoslynAnalysisRunner has terminated.
Mono: successfully reloaded assembly
- Completed reload, in  0.736 seconds
Platform modules already initialized, skipping
Refreshing native plugins compatible for Editor in 0.18 ms, found 0 plugins.
Preloading 0 native plugins for Editor in 0.00 ms.
Unloading 1110 Unused Serialized files (Serialized files now loaded: 0)
System memory in use before: 60.6 MB.
System memory in use after: 60.6 MB.

Unloading 5 unused Assets to reduce memory usage. Loaded Objects now: 1683.
Total: 1.834100 ms (FindLiveObjects: 0.265500 ms CreateObjectMapping: 0.055700 ms MarkObjects: 1.468200 ms  DeleteObjects: 0.043200 ms)

========================================================================
Received Import Request.
  Time since last request: 61.703642 seconds.
  path: Assets/Scenes/PlayerScript.cs
  artifactKey: Guid(c5cb8fa88f1a03f498ca1d8996c4858b) Importer(815301076,1909f56bfc062723c751e8b465ee728b)
Start importing Assets/Scenes/PlayerScript.cs using Guid(c5cb8fa88f1a03f498ca1d8996c4858b) Importer(815301076,1909f56bfc062723c751e8b465ee728b)  -> (artifact id: 'c32f9f349cadfb3d646166ce8850fbe1') in 0.005386 seconds
  Import took 0.007103 seconds .

========================================================================
Received Import Request.
  Time since last request: 0.022264 seconds.
  path: Assets/Scenes/PlayerScript.cs
  artifactKey: Guid(c5cb8fa88f1a03f498ca1d8996c4858b) Importer(815301076,1909f56bfc062723c751e8b465ee728b)
Start importing Assets/Scenes/PlayerScript.cs using Guid(c5cb8fa88f1a03f498ca1d8996c4858b) Importer(815301076,1909f56bfc062723c751e8b465ee728b)  -> (artifact id: 'c32f9f349cadfb3d646166ce8850fbe1') in 0.004456 seconds
  Import took 0.006195 seconds .

========================================================================
Received Prepare
Registering precompiled user dll's ...
Registered in 0.001325 seconds.
Begin MonoManager ReloadAssembly
Native extension for WindowsStandalone target not found
Refreshing native plugins compatible for Editor in 0.18 ms, found 0 plugins.
Preloading 0 native plugins for Editor in 0.00 ms.
Invoked RoslynAnalysisRunner static constructor.
RoslynAnalysisRunner will not be running.
RoslynAnalysisRunner has terminated.
Mono: successfully reloaded assembly
- Completed reload, in  0.723 seconds
Platform modules already initialized, skipping
Refreshing native plugins compatible for Editor in 0.21 ms, found 0 plugins.
Preloading 0 native plugins for Editor in 0.00 ms.
Unloading 1110 Unused Serialized files (Serialized files now loaded: 0)
System memory in use before: 60.6 MB.
System memory in use after: 60.6 MB.

Unloading 5 unused Assets to reduce memory usage. Loaded Objects now: 1686.
Total: 1.623900 ms (FindLiveObjects: 0.142500 ms CreateObjectMapping: 0.062800 ms MarkObjects: 1.367100 ms  DeleteObjects: 0.050500 ms)

========================================================================
Received Prepare
Registering precompiled user dll's ...
Registered in 0.001231 seconds.
Begin MonoManager ReloadAssembly
Native extension for WindowsStandalone target not found
Refreshing native plugins compatible for Editor in 0.20 ms, found 0 plugins.
Preloading 0 native plugins for Editor in 0.00 ms.
Invoked RoslynAnalysisRunner static constructor.
RoslynAnalysisRunner will not be running.
RoslynAnalysisRunner has terminated.
Mono: successfully reloaded assembly
- Completed reload, in  0.732 seconds
Platform modules already initialized, skipping
Refreshing native plugins compatible for Editor in 0.19 ms, found 0 plugins.
Preloading 0 native plugins for Editor in 0.00 ms.
Unloading 1110 Unused Serialized files (Serialized files now loaded: 0)
System memory in use before: 60.6 MB.
System memory in use after: 60.6 MB.

Unloading 5 unused Assets to reduce memory usage. Loaded Objects now: 1689.
Total: 1.709400 ms (FindLiveObjects: 0.133500 ms CreateObjectMapping: 0.030400 ms MarkObjects: 1.500000 ms  DeleteObjects: 0.044300 ms)

========================================================================
Received Import Request.
  Time since last request: 311.753402 seconds.
  path: Assets/Scenes/PlayerScript.cs
  artifactKey: Guid(c5cb8fa88f1a03f498ca1d8996c4858b) Importer(815301076,1909f56bfc062723c751e8b465ee728b)
Start importing Assets/Scenes/PlayerScript.cs using Guid(c5cb8fa88f1a03f498ca1d8996c4858b) Importer(815301076,1909f56bfc062723c751e8b465ee728b)  -> (artifact id: 'c2271e601980cfe28fe46b0e018bac68') in 0.005492 seconds
  Import took 0.007284 seconds .

========================================================================
Received Import Request.
  Time since last request: 1.109936 seconds.
  path: Assets/Scenes/PlayerScript.cs
  artifactKey: Guid(c5cb8fa88f1a03f498ca1d8996c4858b) Importer(815301076,1909f56bfc062723c751e8b465ee728b)
Start importing Assets/Scenes/PlayerScript.cs using Guid(c5cb8fa88f1a03f498ca1d8996c4858b) Importer(815301076,1909f56bfc062723c751e8b465ee728b)  -> (artifact id: 'c2271e601980cfe28fe46b0e018bac68') in 0.003693 seconds
  Import took 0.005452 seconds .

========================================================================
Received Prepare
Registering precompiled user dll's ...
Registered in 0.001359 seconds.
Begin MonoManager ReloadAssembly
Native extension for WindowsStandalone target not found
Refreshing native plugins compatible for Editor in 0.22 ms, found 0 plugins.
Preloading 0 native plugins for Editor in 0.00 ms.
Invoked RoslynAnalysisRunner static constructor.
RoslynAnalysisRunner will not be running.
RoslynAnalysisRunner has terminated.
Mono: successfully reloaded assembly
- Completed reload, in  0.905 seconds
Platform modules already initialized, skipping
Refreshing native plugins compatible for Editor in 0.19 ms, found 0 plugins.
Preloading 0 native plugins for Editor in 0.00 ms.
Unloading 1110 Unused Serialized files (Serialized files now loaded: 0)
System memory in use before: 60.6 MB.
System memory in use after: 60.7 MB.

Unloading 5 unused Assets to reduce memory usage. Loaded Objects now: 1692.
Total: 1.882000 ms (FindLiveObjects: 0.152100 ms CreateObjectMapping: 0.038600 ms MarkObjects: 1.641800 ms  DeleteObjects: 0.048400 ms)

========================================================================
Received Import Request.
  Time since last request: 99.455140 seconds.
  path: Assets/Scenes/Mats/New Material 1.mat
  artifactKey: Guid(61daa5b327648724c8f7fdb2597e07f1) Importer(815301076,1909f56bfc062723c751e8b465ee728b)
Start importing Assets/Scenes/Mats/New Material 1.mat using Guid(61daa5b327648724c8f7fdb2597e07f1) Importer(815301076,1909f56bfc062723c751e8b465ee728b)  -> (artifact id: '2befd930d2d1d13a5a3dd74d87b6bb34') in 0.061242 seconds
  Import took 0.063400 seconds .

========================================================================
Received Import Request.
  Time since last request: 0.000213 seconds.
  path: Assets/Scenes/Mats/New Material.mat
  artifactKey: Guid(f5c2e1760c7515f42a277cd3f731463a) Importer(815301076,1909f56bfc062723c751e8b465ee728b)
Start importing Assets/Scenes/Mats/New Material.mat using Guid(f5c2e1760c7515f42a277cd3f731463a) Importer(815301076,1909f56bfc062723c751e8b465ee728b)  -> (artifact id: '816b7fd8d8978a77e645d745dedb0acf') in 0.015007 seconds
  Import took 0.016864 seconds .

========================================================================
Received Import Request.
  Time since last request: 9.342643 seconds.
  path: Assets/Scenes/Mats/New Material 2.mat
  artifactKey: Guid(3a7097fddea755d4c906db175f0a42b5) Importer(815301076,1909f56bfc062723c751e8b465ee728b)
Start importing Assets/Scenes/Mats/New Material 2.mat using Guid(3a7097fddea755d4c906db175f0a42b5) Importer(815301076,1909f56bfc062723c751e8b465ee728b)  -> (artifact id: 'fe7675c977c12c203b44c88ff0b83d14') in 0.022736 seconds
  Import took 0.025050 seconds .

========================================================================
Received Import Request.
  Time since last request: 29.604391 seconds.
  path: Assets/Scenes/Enemy.prefab
  artifactKey: Guid(63da3459760aa87479926d69e353370b) Importer(815301076,1909f56bfc062723c751e8b465ee728b)
Start importing Assets/Scenes/Enemy.prefab using Guid(63da3459760aa87479926d69e353370b) Importer(815301076,1909f56bfc062723c751e8b465ee728b)  -> (artifact id: '8ed580e4c3e75b3fb145ac32d5105cab') in 0.034515 seconds
  Import took 0.036418 seconds .

========================================================================
Received Import Request.
  Time since last request: 10.928935 seconds.
  path: Assets/Scenes/EnemyScript.cs
  artifactKey: Guid(e96033c21f16888418624046983342d4) Importer(815301076,1909f56bfc062723c751e8b465ee728b)
Start importing Assets/Scenes/EnemyScript.cs using Guid(e96033c21f16888418624046983342d4) Importer(815301076,1909f56bfc062723c751e8b465ee728b)  -> (artifact id: '1d1fd4e50d1a8198bf48671e78baba5e') in 0.009175 seconds
  Import took 0.011012 seconds .

========================================================================
Received Prepare
Registering precompiled user dll's ...
Registered in 0.001339 seconds.
Begin MonoManager ReloadAssembly
Native extension for WindowsStandalone target not found
Refreshing native plugins compatible for Editor in 0.19 ms, found 0 plugins.
Preloading 0 native plugins for Editor in 0.00 ms.
Invoked RoslynAnalysisRunner static constructor.
RoslynAnalysisRunner will not be running.
RoslynAnalysisRunner has terminated.
Mono: successfully reloaded assembly
- Completed reload, in  0.731 seconds
Platform modules already initialized, skipping
Refreshing native plugins compatible for Editor in 0.18 ms, found 0 plugins.
Preloading 0 native plugins for Editor in 0.00 ms.
Unloading 1111 Unused Serialized files (Serialized files now loaded: 0)
System memory in use before: 60.6 MB.
System memory in use after: 60.7 MB.

Unloading 5 unused Assets to reduce memory usage. Loaded Objects now: 1698.
Total: 1.884300 ms (FindLiveObjects: 0.118400 ms CreateObjectMapping: 0.035400 ms MarkObjects: 1.683200 ms  DeleteObjects: 0.046600 ms)

========================================================================
Received Import Request.
  Time since last request: 104.282160 seconds.
  path: Assets/Scenes/Enemy.prefab
  artifactKey: Guid(63da3459760aa87479926d69e353370b) Importer(815301076,1909f56bfc062723c751e8b465ee728b)
Start importing Assets/Scenes/Enemy.prefab using Guid(63da3459760aa87479926d69e353370b) Importer(815301076,1909f56bfc062723c751e8b465ee728b)  -> (artifact id: '253197ffca545b8ba279370cde615c43') in 0.058392 seconds
  Import took 0.060274 seconds .

========================================================================
Received Prepare
Registering precompiled user dll's ...
Registered in 0.001339 seconds.
Begin MonoManager ReloadAssembly
Native extension for WindowsStandalone target not found
Refreshing native plugins compatible for Editor in 0.20 ms, found 0 plugins.
Preloading 0 native plugins for Editor in 0.00 ms.
Invoked RoslynAnalysisRunner static constructor.
RoslynAnalysisRunner will not be running.
RoslynAnalysisRunner has terminated.
Mono: successfully reloaded assembly
- Completed reload, in  0.745 seconds
Platform modules already initialized, skipping
Refreshing native plugins compatible for Editor in 0.27 ms, found 0 plugins.
Preloading 0 native plugins for Editor in 0.00 ms.
Unloading 1111 Unused Serialized files (Serialized files now loaded: 0)
System memory in use before: 60.7 MB.
System memory in use after: 60.7 MB.

Unloading 5 unused Assets to reduce memory usage. Loaded Objects now: 1702.
Total: 2.406100 ms (FindLiveObjects: 0.392100 ms CreateObjectMapping: 0.161100 ms MarkObjects: 1.797100 ms  DeleteObjects: 0.053800 ms)

========================================================================
Received Import Request.
  Time since last request: 293.533998 seconds.
  path: Assets/Scenes/EnemyScript.cs
  artifactKey: Guid(e96033c21f16888418624046983342d4) Importer(815301076,1909f56bfc062723c751e8b465ee728b)
Start importing Assets/Scenes/EnemyScript.cs using Guid(e96033c21f16888418624046983342d4) Importer(815301076,1909f56bfc062723c751e8b465ee728b)  -> (artifact id: '9773d0b64c0493c2bdfbe8c25d1145ad') in 0.005777 seconds
  Import took 0.007581 seconds .

========================================================================
Received Import Request.
  Time since last request: 0.000531 seconds.
  path: Assets/Scenes/EnemyScript.cs
  artifactKey: Guid(e96033c21f16888418624046983342d4) Importer(815301076,1909f56bfc062723c751e8b465ee728b)
Start importing Assets/Scenes/EnemyScript.cs using Guid(e96033c21f16888418624046983342d4) Importer(815301076,1909f56bfc062723c751e8b465ee728b)  -> (artifact id: '9773d0b64c0493c2bdfbe8c25d1145ad') in 0.003788 seconds
  Import took 0.005435 seconds .

========================================================================
Received Prepare
Registering precompiled user dll's ...
Registered in 0.001262 seconds.
Begin MonoManager ReloadAssembly
Native extension for WindowsStandalone target not found
Refreshing native plugins compatible for Editor in 0.32 ms, found 0 plugins.
Preloading 0 native plugins for Editor in 0.00 ms.
Invoked RoslynAnalysisRunner static constructor.
RoslynAnalysisRunner will not be running.
RoslynAnalysisRunner has terminated.
Mono: successfully reloaded assembly
- Completed reload, in  0.761 seconds
Platform modules already initialized, skipping
Refreshing native plugins compatible for Editor in 0.18 ms, found 0 plugins.
Preloading 0 native plugins for Editor in 0.00 ms.
Unloading 1111 Unused Serialized files (Serialized files now loaded: 0)
System memory in use before: 60.7 MB.
System memory in use after: 60.7 MB.

Unloading 5 unused Assets to reduce memory usage. Loaded Objects now: 1705.
Total: 1.776400 ms (FindLiveObjects: 0.133100 ms CreateObjectMapping: 0.033000 ms MarkObjects: 1.565300 ms  DeleteObjects: 0.044100 ms)

========================================================================
Received Import Request.
  Time since last request: 9.910383 seconds.
  path: Assets/Scenes/EnemyScript.cs
  artifactKey: Guid(e96033c21f16888418624046983342d4) Importer(815301076,1909f56bfc062723c751e8b465ee728b)
Start importing Assets/Scenes/EnemyScript.cs using Guid(e96033c21f16888418624046983342d4) Importer(815301076,1909f56bfc062723c751e8b465ee728b)  -> (artifact id: 'c22e756bfcc672db087e986f5be9d909') in 0.005073 seconds
  Import took 0.007026 seconds .

========================================================================
Received Import Request.
  Time since last request: 1.106344 seconds.
  path: Assets/Scenes/EnemyScript.cs
  artifactKey: Guid(e96033c21f16888418624046983342d4) Importer(815301076,1909f56bfc062723c751e8b465ee728b)
Start importing Assets/Scenes/EnemyScript.cs using Guid(e96033c21f16888418624046983342d4) Importer(815301076,1909f56bfc062723c751e8b465ee728b)  -> (artifact id: 'c22e756bfcc672db087e986f5be9d909') in 0.004046 seconds
  Import took 0.005846 seconds .

========================================================================
Received Prepare
Registering precompiled user dll's ...
Registered in 0.001402 seconds.
Begin MonoManager ReloadAssembly
Native extension for WindowsStandalone target not found
Refreshing native plugins compatible for Editor in 0.21 ms, found 0 plugins.
Preloading 0 native plugins for Editor in 0.00 ms.
Invoked RoslynAnalysisRunner static constructor.
RoslynAnalysisRunner will not be running.
RoslynAnalysisRunner has terminated.
Mono: successfully reloaded assembly
- Completed reload, in  0.712 seconds
Platform modules already initialized, skipping
Refreshing native plugins compatible for Editor in 0.17 ms, found 0 plugins.
Preloading 0 native plugins for Editor in 0.00 ms.
Unloading 1111 Unused Serialized files (Serialized files now loaded: 0)
System memory in use before: 60.7 MB.
System memory in use after: 60.7 MB.

Unloading 5 unused Assets to reduce memory usage. Loaded Objects now: 1708.
Total: 1.610500 ms (FindLiveObjects: 0.128100 ms CreateObjectMapping: 0.034800 ms MarkObjects: 1.405100 ms  DeleteObjects: 0.041000 ms)

========================================================================
Received Import Request.
  Time since last request: 56.815062 seconds.
  path: Assets/Scenes/EnemyScript.cs
  artifactKey: Guid(e96033c21f16888418624046983342d4) Importer(815301076,1909f56bfc062723c751e8b465ee728b)
Start importing Assets/Scenes/EnemyScript.cs using Guid(e96033c21f16888418624046983342d4) Importer(815301076,1909f56bfc062723c751e8b465ee728b)  -> (artifact id: 'd15d1b6c053709d5d36f4791d5bedc47') in 0.005076 seconds
  Import took 0.006788 seconds .

========================================================================
Received Import Request.
  Time since last request: 208.054973 seconds.
  path: Assets/Scenes/EnemyControllerScript.cs
  artifactKey: Guid(e311bb37db60e3544b51b750c7fed3a4) Importer(815301076,1909f56bfc062723c751e8b465ee728b)
Start importing Assets/Scenes/EnemyControllerScript.cs using Guid(e311bb37db60e3544b51b750c7fed3a4) Importer(815301076,1909f56bfc062723c751e8b465ee728b)  -> (artifact id: '5a87f5d10c61985e26ca0ecf790cbeb2') in 0.009079 seconds
  Import took 0.011095 seconds .

========================================================================
Received Prepare
Registering precompiled user dll's ...
Registered in 0.001438 seconds.
Begin MonoManager ReloadAssembly
Native extension for WindowsStandalone target not found
Refreshing native plugins compatible for Editor in 0.22 ms, found 0 plugins.
Preloading 0 native plugins for Editor in 0.00 ms.
Invoked RoslynAnalysisRunner static constructor.
RoslynAnalysisRunner will not be running.
RoslynAnalysisRunner has terminated.
Mono: successfully reloaded assembly
- Completed reload, in  0.732 seconds
Platform modules already initialized, skipping
Refreshing native plugins compatible for Editor in 0.19 ms, found 0 plugins.
Preloading 0 native plugins for Editor in 0.00 ms.
Unloading 1112 Unused Serialized files (Serialized files now loaded: 0)
System memory in use before: 60.7 MB.
System memory in use after: 60.8 MB.

Unloading 5 unused Assets to reduce memory usage. Loaded Objects now: 1712.
Total: 1.685200 ms (FindLiveObjects: 0.211500 ms CreateObjectMapping: 0.051000 ms MarkObjects: 1.370400 ms  DeleteObjects: 0.050700 ms)

========================================================================
Received Prepare
Registering precompiled user dll's ...
Registered in 0.001375 seconds.
Begin MonoManager ReloadAssembly
Native extension for WindowsStandalone target not found
Refreshing native plugins compatible for Editor in 0.18 ms, found 0 plugins.
Preloading 0 native plugins for Editor in 0.00 ms.
Invoked RoslynAnalysisRunner static constructor.
RoslynAnalysisRunner will not be running.
RoslynAnalysisRunner has terminated.
Mono: successfully reloaded assembly
- Completed reload, in  0.720 seconds
Platform modules already initialized, skipping
Refreshing native plugins compatible for Editor in 0.17 ms, found 0 plugins.
Preloading 0 native plugins for Editor in 0.00 ms.
Unloading 1112 Unused Serialized files (Serialized files now loaded: 0)
System memory in use before: 60.7 MB.
System memory in use after: 60.8 MB.

Unloading 5 unused Assets to reduce memory usage. Loaded Objects now: 1715.
Total: 1.696100 ms (FindLiveObjects: 0.217100 ms CreateObjectMapping: 0.064800 ms MarkObjects: 1.336400 ms  DeleteObjects: 0.076900 ms)

========================================================================
Received Prepare
Registering precompiled user dll's ...
Registered in 0.001514 seconds.
Begin MonoManager ReloadAssembly
Native extension for WindowsStandalone target not found
Refreshing native plugins compatible for Editor in 0.19 ms, found 0 plugins.
Preloading 0 native plugins for Editor in 0.00 ms.
Invoked RoslynAnalysisRunner static constructor.
RoslynAnalysisRunner will not be running.
RoslynAnalysisRunner has terminated.
Mono: successfully reloaded assembly
- Completed reload, in  0.733 seconds
Platform modules already initialized, skipping
Refreshing native plugins compatible for Editor in 0.18 ms, found 0 plugins.
Preloading 0 native plugins for Editor in 0.00 ms.
Unloading 1112 Unused Serialized files (Serialized files now loaded: 0)
System memory in use before: 60.7 MB.
System memory in use after: 60.8 MB.

Unloading 5 unused Assets to reduce memory usage. Loaded Objects now: 1718.
Total: 1.704800 ms (FindLiveObjects: 0.212800 ms CreateObjectMapping: 0.054600 ms MarkObjects: 1.390200 ms  DeleteObjects: 0.045400 ms)

========================================================================
Received Import Request.
  Time since last request: 381.374184 seconds.
  path: Assets/Scenes/EnemyControllerScript.cs
  artifactKey: Guid(e311bb37db60e3544b51b750c7fed3a4) Importer(815301076,1909f56bfc062723c751e8b465ee728b)
Start importing Assets/Scenes/EnemyControllerScript.cs using Guid(e311bb37db60e3544b51b750c7fed3a4) Importer(815301076,1909f56bfc062723c751e8b465ee728b)  -> (artifact id: 'f4e3a304457faaa0a22f6d13d5103da6') in 0.005255 seconds
  Import took 0.007279 seconds .

========================================================================
Received Prepare
Registering precompiled user dll's ...
Registered in 0.001391 seconds.
Begin MonoManager ReloadAssembly
Native extension for WindowsStandalone target not found
Refreshing native plugins compatible for Editor in 0.20 ms, found 0 plugins.
Preloading 0 native plugins for Editor in 0.00 ms.
Invoked RoslynAnalysisRunner static constructor.
RoslynAnalysisRunner will not be running.
RoslynAnalysisRunner has terminated.
Mono: successfully reloaded assembly
- Completed reload, in  0.734 seconds
Platform modules already initialized, skipping
Refreshing native plugins compatible for Editor in 0.18 ms, found 0 plugins.
Preloading 0 native plugins for Editor in 0.00 ms.
Unloading 1112 Unused Serialized files (Serialized files now loaded: 0)
System memory in use before: 60.7 MB.
System memory in use after: 60.8 MB.

Unloading 5 unused Assets to reduce memory usage. Loaded Objects now: 1721.
Total: 1.609400 ms (FindLiveObjects: 0.142800 ms CreateObjectMapping: 0.037900 ms MarkObjects: 1.387400 ms  DeleteObjects: 0.040600 ms)

========================================================================
Received Import Request.
  Time since last request: 128.642857 seconds.
  path: Assets/Scenes/EnemyControllerScript.cs
  artifactKey: Guid(e311bb37db60e3544b51b750c7fed3a4) Importer(815301076,1909f56bfc062723c751e8b465ee728b)
Start importing Assets/Scenes/EnemyControllerScript.cs using Guid(e311bb37db60e3544b51b750c7fed3a4) Importer(815301076,1909f56bfc062723c751e8b465ee728b)  -> (artifact id: 'ec96d47d1069ee5842c8f56f0d0a7a88') in 0.005350 seconds
  Import took 0.007094 seconds .

========================================================================
Received Prepare
Registering precompiled user dll's ...
Registered in 0.001374 seconds.
Begin MonoManager ReloadAssembly
Native extension for WindowsStandalone target not found
Refreshing native plugins compatible for Editor in 0.18 ms, found 0 plugins.
Preloading 0 native plugins for Editor in 0.00 ms.
Invoked RoslynAnalysisRunner static constructor.
RoslynAnalysisRunner will not be running.
RoslynAnalysisRunner has terminated.
Mono: successfully reloaded assembly
- Completed reload, in  0.706 seconds
Platform modules already initialized, skipping
Refreshing native plugins compatible for Editor in 0.20 ms, found 0 plugins.
Preloading 0 native plugins for Editor in 0.00 ms.
Unloading 1112 Unused Serialized files (Serialized files now loaded: 0)
System memory in use before: 60.7 MB.
System memory in use after: 60.8 MB.

Unloading 5 unused Assets to reduce memory usage. Loaded Objects now: 1724.
Total: 1.493700 ms (FindLiveObjects: 0.135300 ms CreateObjectMapping: 0.033800 ms MarkObjects: 1.280300 ms  DeleteObjects: 0.043500 ms)

========================================================================
Received Import Request.
  Time since last request: 40.144712 seconds.
  path: Assets/Scenes/Enemy.prefab
  artifactKey: Guid(63da3459760aa87479926d69e353370b) Importer(815301076,1909f56bfc062723c751e8b465ee728b)
Start importing Assets/Scenes/Enemy.prefab using Guid(63da3459760aa87479926d69e353370b) Importer(815301076,1909f56bfc062723c751e8b465ee728b)  -> (artifact id: '9997da3576de6294c353c62fa93d4987') in 0.065082 seconds
  Import took 0.066980 seconds .

========================================================================
Received Import Request.
  Time since last request: 0.964998 seconds.
  path: Assets/Scenes/Enemy.prefab
  artifactKey: Guid(63da3459760aa87479926d69e353370b) Importer(815301076,1909f56bfc062723c751e8b465ee728b)
Start importing Assets/Scenes/Enemy.prefab using Guid(63da3459760aa87479926d69e353370b) Importer(815301076,1909f56bfc062723c751e8b465ee728b)  -> (artifact id: '616c95da802b2fc44d36e155d4af0300') in 0.025312 seconds
  Import took 0.027116 seconds .

========================================================================
Received Import Request.
  Time since last request: 4.459711 seconds.
  path: Assets/Scenes/Shooting.unity
  artifactKey: Guid(5834c220b9dd49c4a8ad79fd8c5790b3) Importer(815301076,1909f56bfc062723c751e8b465ee728b)
Start importing Assets/Scenes/Shooting.unity using Guid(5834c220b9dd49c4a8ad79fd8c5790b3) Importer(815301076,1909f56bfc062723c751e8b465ee728b)  -> (artifact id: 'ee71afa6d87c5617f1c99555003bfb2c') in 0.005561 seconds
  Import took 0.007351 seconds .

========================================================================
Received Prepare
Registering precompiled user dll's ...
Registered in 0.001477 seconds.
Begin MonoManager ReloadAssembly
Native extension for WindowsStandalone target not found
Refreshing native plugins compatible for Editor in 0.20 ms, found 0 plugins.
Preloading 0 native plugins for Editor in 0.00 ms.
Invoked RoslynAnalysisRunner static constructor.
RoslynAnalysisRunner will not be running.
RoslynAnalysisRunner has terminated.
Mono: successfully reloaded assembly
- Completed reload, in  0.770 seconds
Platform modules already initialized, skipping
Refreshing native plugins compatible for Editor in 0.18 ms, found 0 plugins.
Preloading 0 native plugins for Editor in 0.00 ms.
Unloading 1112 Unused Serialized files (Serialized files now loaded: 0)
System memory in use before: 60.7 MB.
System memory in use after: 60.8 MB.

Unloading 5 unused Assets to reduce memory usage. Loaded Objects now: 1728.
Total: 1.638300 ms (FindLiveObjects: 0.126200 ms CreateObjectMapping: 0.033100 ms MarkObjects: 1.438500 ms  DeleteObjects: 0.039600 ms)

========================================================================
Received Prepare
Registering precompiled user dll's ...
Registered in 0.001334 seconds.
Begin MonoManager ReloadAssembly
Native extension for WindowsStandalone target not found
Refreshing native plugins compatible for Editor in 0.35 ms, found 0 plugins.
Preloading 0 native plugins for Editor in 0.00 ms.
Invoked RoslynAnalysisRunner static constructor.
RoslynAnalysisRunner will not be running.
RoslynAnalysisRunner has terminated.
Mono: successfully reloaded assembly
- Completed reload, in  0.789 seconds
Platform modules already initialized, skipping
Refreshing native plugins compatible for Editor in 0.20 ms, found 0 plugins.
Preloading 0 native plugins for Editor in 0.00 ms.
Unloading 1112 Unused Serialized files (Serialized files now loaded: 0)
System memory in use before: 60.7 MB.
System memory in use after: 60.8 MB.

Unloading 5 unused Assets to reduce memory usage. Loaded Objects now: 1731.
Total: 1.940000 ms (FindLiveObjects: 0.174800 ms CreateObjectMapping: 0.051300 ms MarkObjects: 1.661000 ms  DeleteObjects: 0.052000 ms)

========================================================================
Received Prepare
Registering precompiled user dll's ...
Registered in 0.001276 seconds.
Begin MonoManager ReloadAssembly
Native extension for WindowsStandalone target not found
Refreshing native plugins compatible for Editor in 0.21 ms, found 0 plugins.
Preloading 0 native plugins for Editor in 0.00 ms.
Invoked RoslynAnalysisRunner static constructor.
RoslynAnalysisRunner will not be running.
RoslynAnalysisRunner has terminated.
Mono: successfully reloaded assembly
- Completed reload, in  0.783 seconds
Platform modules already initialized, skipping
Refreshing native plugins compatible for Editor in 0.20 ms, found 0 plugins.
Preloading 0 native plugins for Editor in 0.00 ms.
Unloading 1112 Unused Serialized files (Serialized files now loaded: 0)
System memory in use before: 60.7 MB.
System memory in use after: 60.8 MB.

Unloading 5 unused Assets to reduce memory usage. Loaded Objects now: 1734.
Total: 1.948700 ms (FindLiveObjects: 0.301100 ms CreateObjectMapping: 0.078300 ms MarkObjects: 1.519800 ms  DeleteObjects: 0.048100 ms)

========================================================================
Received Import Request.
  Time since last request: 146.597433 seconds.
  path: Assets/Scenes/EnemyControllerScript.cs
  artifactKey: Guid(e311bb37db60e3544b51b750c7fed3a4) Importer(815301076,1909f56bfc062723c751e8b465ee728b)
Start importing Assets/Scenes/EnemyControllerScript.cs using Guid(e311bb37db60e3544b51b750c7fed3a4) Importer(815301076,1909f56bfc062723c751e8b465ee728b)  -> (artifact id: '5b408aa63ac35a223372b5dacc1ba5e4') in 0.006278 seconds
  Import took 0.008658 seconds .

========================================================================
Received Import Request.
  Time since last request: 1.166673 seconds.
  path: Assets/Scenes/EnemyControllerScript.cs
  artifactKey: Guid(e311bb37db60e3544b51b750c7fed3a4) Importer(815301076,1909f56bfc062723c751e8b465ee728b)
Start importing Assets/Scenes/EnemyControllerScript.cs using Guid(e311bb37db60e3544b51b750c7fed3a4) Importer(815301076,1909f56bfc062723c751e8b465ee728b)  -> (artifact id: '5b408aa63ac35a223372b5dacc1ba5e4') in 0.004707 seconds
  Import took 0.006763 seconds .

========================================================================
Received Prepare
Registering precompiled user dll's ...
Registered in 0.001411 seconds.
Begin MonoManager ReloadAssembly
Native extension for WindowsStandalone target not found
Refreshing native plugins compatible for Editor in 0.19 ms, found 0 plugins.
Preloading 0 native plugins for Editor in 0.00 ms.
Invoked RoslynAnalysisRunner static constructor.
RoslynAnalysisRunner will not be running.
RoslynAnalysisRunner has terminated.
Mono: successfully reloaded assembly
- Completed reload, in  0.750 seconds
Platform modules already initialized, skipping
Refreshing native plugins compatible for Editor in 0.18 ms, found 0 plugins.
Preloading 0 native plugins for Editor in 0.00 ms.
Unloading 1112 Unused Serialized files (Serialized files now loaded: 0)
System memory in use before: 60.7 MB.
System memory in use after: 60.8 MB.

Unloading 5 unused Assets to reduce memory usage. Loaded Objects now: 1737.
Total: 1.905500 ms (FindLiveObjects: 0.263600 ms CreateObjectMapping: 0.113800 ms MarkObjects: 1.474600 ms  DeleteObjects: 0.051700 ms)

========================================================================
Received Prepare
Registering precompiled user dll's ...
Registered in 0.001387 seconds.
Begin MonoManager ReloadAssembly
Native extension for WindowsStandalone target not found
Refreshing native plugins compatible for Editor in 0.21 ms, found 0 plugins.
Preloading 0 native plugins for Editor in 0.00 ms.
Invoked RoslynAnalysisRunner static constructor.
RoslynAnalysisRunner will not be running.
RoslynAnalysisRunner has terminated.
Mono: successfully reloaded assembly
- Completed reload, in  0.717 seconds
Platform modules already initialized, skipping
Refreshing native plugins compatible for Editor in 0.20 ms, found 0 plugins.
Preloading 0 native plugins for Editor in 0.00 ms.
Unloading 1112 Unused Serialized files (Serialized files now loaded: 0)
System memory in use before: 60.7 MB.
System memory in use after: 60.8 MB.

Unloading 5 unused Assets to reduce memory usage. Loaded Objects now: 1740.
Total: 1.668000 ms (FindLiveObjects: 0.136400 ms CreateObjectMapping: 0.031500 ms MarkObjects: 1.457700 ms  DeleteObjects: 0.041500 ms)

========================================================================
Received Prepare
Registering precompiled user dll's ...
Registered in 0.001178 seconds.
Begin MonoManager ReloadAssembly
Native extension for WindowsStandalone target not found
Refreshing native plugins compatible for Editor in 0.20 ms, found 0 plugins.
Preloading 0 native plugins for Editor in 0.00 ms.
Invoked RoslynAnalysisRunner static constructor.
RoslynAnalysisRunner will not be running.
RoslynAnalysisRunner has terminated.
Mono: successfully reloaded assembly
- Completed reload, in  0.744 seconds
Platform modules already initialized, skipping
Refreshing native plugins compatible for Editor in 0.18 ms, found 0 plugins.
Preloading 0 native plugins for Editor in 0.00 ms.
Unloading 1112 Unused Serialized files (Serialized files now loaded: 0)
System memory in use before: 60.7 MB.
System memory in use after: 60.8 MB.

Unloading 5 unused Assets to reduce memory usage. Loaded Objects now: 1743.
Total: 1.920100 ms (FindLiveObjects: 0.157100 ms CreateObjectMapping: 0.043600 ms MarkObjects: 1.673200 ms  DeleteObjects: 0.045300 ms)

========================================================================
Received Prepare
Registering precompiled user dll's ...
Registered in 0.001429 seconds.
Begin MonoManager ReloadAssembly
Native extension for WindowsStandalone target not found
Refreshing native plugins compatible for Editor in 0.18 ms, found 0 plugins.
Preloading 0 native plugins for Editor in 0.00 ms.
Invoked RoslynAnalysisRunner static constructor.
RoslynAnalysisRunner will not be running.
RoslynAnalysisRunner has terminated.
Mono: successfully reloaded assembly
- Completed reload, in  0.716 seconds
Platform modules already initialized, skipping
Refreshing native plugins compatible for Editor in 0.19 ms, found 0 plugins.
Preloading 0 native plugins for Editor in 0.00 ms.
Unloading 1112 Unused Serialized files (Serialized files now loaded: 0)
System memory in use before: 60.8 MB.
System memory in use after: 60.8 MB.

Unloading 5 unused Assets to reduce memory usage. Loaded Objects now: 1746.
Total: 1.912300 ms (FindLiveObjects: 0.213800 ms CreateObjectMapping: 0.033400 ms MarkObjects: 1.619200 ms  DeleteObjects: 0.044500 ms)

========================================================================
Received Prepare
Registering precompiled user dll's ...
Registered in 0.001317 seconds.
Begin MonoManager ReloadAssembly
Native extension for WindowsStandalone target not found
Refreshing native plugins compatible for Editor in 0.19 ms, found 0 plugins.
Preloading 0 native plugins for Editor in 0.00 ms.
Invoked RoslynAnalysisRunner static constructor.
RoslynAnalysisRunner will not be running.
RoslynAnalysisRunner has terminated.
Mono: successfully reloaded assembly
- Completed reload, in  0.731 seconds
Platform modules already initialized, skipping
Refreshing native plugins compatible for Editor in 0.19 ms, found 0 plugins.
Preloading 0 native plugins for Editor in 0.00 ms.
Unloading 1112 Unused Serialized files (Serialized files now loaded: 0)
System memory in use before: 60.8 MB.
System memory in use after: 60.8 MB.

Unloading 5 unused Assets to reduce memory usage. Loaded Objects now: 1749.
Total: 1.782500 ms (FindLiveObjects: 0.148200 ms CreateObjectMapping: 0.039500 ms MarkObjects: 1.501600 ms  DeleteObjects: 0.092400 ms)

========================================================================
Received Prepare
Registering precompiled user dll's ...
Registered in 0.001739 seconds.
Begin MonoManager ReloadAssembly
Native extension for WindowsStandalone target not found
Refreshing native plugins compatible for Editor in 0.23 ms, found 0 plugins.
Preloading 0 native plugins for Editor in 0.00 ms.
Invoked RoslynAnalysisRunner static constructor.
RoslynAnalysisRunner will not be running.
RoslynAnalysisRunner has terminated.
Mono: successfully reloaded assembly
- Completed reload, in  1.015 seconds
Platform modules already initialized, skipping
Refreshing native plugins compatible for Editor in 0.21 ms, found 0 plugins.
Preloading 0 native plugins for Editor in 0.00 ms.
Unloading 1112 Unused Serialized files (Serialized files now loaded: 0)
System memory in use before: 60.8 MB.
System memory in use after: 60.8 MB.

Unloading 5 unused Assets to reduce memory usage. Loaded Objects now: 1752.
Total: 1.945400 ms (FindLiveObjects: 0.147000 ms CreateObjectMapping: 0.068000 ms MarkObjects: 1.661400 ms  DeleteObjects: 0.067500 ms)

========================================================================
Received Import Request.
  Time since last request: 522.632551 seconds.
  path: Assets/Scenes/EnemyControllerScript.cs
  artifactKey: Guid(e311bb37db60e3544b51b750c7fed3a4) Importer(815301076,1909f56bfc062723c751e8b465ee728b)
Start importing Assets/Scenes/EnemyControllerScript.cs using Guid(e311bb37db60e3544b51b750c7fed3a4) Importer(815301076,1909f56bfc062723c751e8b465ee728b)  -> (artifact id: '1208897e23647d3dd57e8e3203ff7b90') in 0.008345 seconds
  Import took 0.010080 seconds .

========================================================================
Received Import Request.
  Time since last request: 0.022620 seconds.
  path: Assets/Scenes/EnemyControllerScript.cs
  artifactKey: Guid(e311bb37db60e3544b51b750c7fed3a4) Importer(815301076,1909f56bfc062723c751e8b465ee728b)
Start importing Assets/Scenes/EnemyControllerScript.cs using Guid(e311bb37db60e3544b51b750c7fed3a4) Importer(815301076,1909f56bfc062723c751e8b465ee728b)  -> (artifact id: '1208897e23647d3dd57e8e3203ff7b90') in 0.006969 seconds
  Import took 0.008774 seconds .

========================================================================
Received Import Request.
  Time since last request: 94.482115 seconds.
  path: ProjectSettings/TagManager.asset
  artifactKey: Guid(00000000000000003000000000000000) Importer(815301076,1909f56bfc062723c751e8b465ee728b)
Start importing ProjectSettings/TagManager.asset using Guid(00000000000000003000000000000000) Importer(815301076,1909f56bfc062723c751e8b465ee728b)  -> (artifact id: 'e58c32c74971579209c983feef23e212') in 0.019657 seconds
  Import took 0.021383 seconds .

========================================================================
Received Import Request.
  Time since last request: 9.981442 seconds.
  path: Assets/Scenes/Enemy.prefab
  artifactKey: Guid(63da3459760aa87479926d69e353370b) Importer(815301076,1909f56bfc062723c751e8b465ee728b)
Start importing Assets/Scenes/Enemy.prefab using Guid(63da3459760aa87479926d69e353370b) Importer(815301076,1909f56bfc062723c751e8b465ee728b)  -> (artifact id: 'dbb2373656463408f13cd1f3d3cf5923') in 0.052209 seconds
  Import took 0.054137 seconds .

========================================================================
Received Import Request.
  Time since last request: 9.708514 seconds.
  path: Assets/Scenes/Shooting.unity
  artifactKey: Guid(5834c220b9dd49c4a8ad79fd8c5790b3) Importer(815301076,1909f56bfc062723c751e8b465ee728b)
Start importing Assets/Scenes/Shooting.unity using Guid(5834c220b9dd49c4a8ad79fd8c5790b3) Importer(815301076,1909f56bfc062723c751e8b465ee728b)  -> (artifact id: '4550474e6d33c832d40da5f42c98e9b7') in 0.008894 seconds
  Import took 0.010774 seconds .

========================================================================
Received Import Request.
  Time since last request: 135.166440 seconds.
  path: Assets/Scenes/Enemy.prefab
  artifactKey: Guid(63da3459760aa87479926d69e353370b) Importer(815301076,1909f56bfc062723c751e8b465ee728b)
Start importing Assets/Scenes/Enemy.prefab using Guid(63da3459760aa87479926d69e353370b) Importer(815301076,1909f56bfc062723c751e8b465ee728b)  -> (artifact id: '46e7e835a9d051d74a589334115f898e') in 0.013603 seconds
  Import took 0.015700 seconds .

========================================================================
Received Import Request.
  Time since last request: 0.004768 seconds.
  path: Assets/Scenes/Enemy.prefab
  artifactKey: Guid(63da3459760aa87479926d69e353370b) Importer(815301076,1909f56bfc062723c751e8b465ee728b)
Start importing Assets/Scenes/Enemy.prefab using Guid(63da3459760aa87479926d69e353370b) Importer(815301076,1909f56bfc062723c751e8b465ee728b)  -> (artifact id: '46e7e835a9d051d74a589334115f898e') in 0.011723 seconds
  Import took 0.013790 seconds .

========================================================================
Received Import Request.
  Time since last request: 15.008463 seconds.
  path: Assets/Scenes/Bullet.prefab
  artifactKey: Guid(6879836d651746b4aab12422bf869e74) Importer(815301076,1909f56bfc062723c751e8b465ee728b)
Start importing Assets/Scenes/Bullet.prefab using Guid(6879836d651746b4aab12422bf869e74) Importer(815301076,1909f56bfc062723c751e8b465ee728b)  -> (artifact id: '50cb8ca9681344cae18a80007128a72c') in 0.018559 seconds
  Import took 0.020398 seconds .

========================================================================
Received Import Request.
  Time since last request: 2.080488 seconds.
  path: Assets/Scenes/Bullet.prefab
  artifactKey: Guid(6879836d651746b4aab12422bf869e74) Importer(815301076,1909f56bfc062723c751e8b465ee728b)
Start importing Assets/Scenes/Bullet.prefab using Guid(6879836d651746b4aab12422bf869e74) Importer(815301076,1909f56bfc062723c751e8b465ee728b)  -> (artifact id: 'a41baa9fcaf3add55715a35d8f9dde72') in 0.014386 seconds
  Import took 0.016192 seconds .

========================================================================
Received Import Request.
  Time since last request: 26.485323 seconds.
  path: Assets/Scenes/Enemy.prefab
  artifactKey: Guid(63da3459760aa87479926d69e353370b) Importer(815301076,1909f56bfc062723c751e8b465ee728b)
Start importing Assets/Scenes/Enemy.prefab using Guid(63da3459760aa87479926d69e353370b) Importer(815301076,1909f56bfc062723c751e8b465ee728b)  -> (artifact id: '909cf8412a661f37caaf86e08ed2a886') in 0.014316 seconds
  Import took 0.016341 seconds .

========================================================================
Received Import Request.
  Time since last request: 0.001942 seconds.
  path: Assets/Scenes/Enemy.prefab
  artifactKey: Guid(63da3459760aa87479926d69e353370b) Importer(815301076,1909f56bfc062723c751e8b465ee728b)
Start importing Assets/Scenes/Enemy.prefab using Guid(63da3459760aa87479926d69e353370b) Importer(815301076,1909f56bfc062723c751e8b465ee728b)  -> (artifact id: '909cf8412a661f37caaf86e08ed2a886') in 0.011567 seconds
  Import took 0.013745 seconds .

========================================================================
Received Import Request.
  Time since last request: 6.533156 seconds.
  path: Assets/Scenes/Enemy.prefab
  artifactKey: Guid(63da3459760aa87479926d69e353370b) Importer(815301076,1909f56bfc062723c751e8b465ee728b)
Start importing Assets/Scenes/Enemy.prefab using Guid(63da3459760aa87479926d69e353370b) Importer(815301076,1909f56bfc062723c751e8b465ee728b)  -> (artifact id: '3e93c27df201a903366ed0fe3347ae19') in 0.025196 seconds
  Import took 0.027292 seconds .

========================================================================
Received Import Request.
  Time since last request: 4.267417 seconds.
  path: Assets/Scenes/Bullet.prefab
  artifactKey: Guid(6879836d651746b4aab12422bf869e74) Importer(815301076,1909f56bfc062723c751e8b465ee728b)
Start importing Assets/Scenes/Bullet.prefab using Guid(6879836d651746b4aab12422bf869e74) Importer(815301076,1909f56bfc062723c751e8b465ee728b)  -> (artifact id: 'ba7b3616491c8dae4d933793d5d27373') in 0.011537 seconds
  Import took 0.013503 seconds .

========================================================================
Received Prepare
Registering precompiled user dll's ...
Registered in 0.001201 seconds.
Begin MonoManager ReloadAssembly
Native extension for WindowsStandalone target not found
Refreshing native plugins compatible for Editor in 0.19 ms, found 0 plugins.
Preloading 0 native plugins for Editor in 0.00 ms.
Invoked RoslynAnalysisRunner static constructor.
RoslynAnalysisRunner will not be running.
RoslynAnalysisRunner has terminated.
Mono: successfully reloaded assembly
- Completed reload, in  0.787 seconds
Platform modules already initialized, skipping
Refreshing native plugins compatible for Editor in 0.18 ms, found 0 plugins.
Preloading 0 native plugins for Editor in 0.00 ms.
Unloading 1112 Unused Serialized files (Serialized files now loaded: 0)
System memory in use before: 60.8 MB.
System memory in use after: 60.9 MB.

Unloading 6 unused Assets to reduce memory usage. Loaded Objects now: 1756.
Total: 1.535200 ms (FindLiveObjects: 0.131700 ms CreateObjectMapping: 0.038900 ms MarkObjects: 1.319800 ms  DeleteObjects: 0.043700 ms)

========================================================================
Received Prepare
Registering precompiled user dll's ...
Registered in 0.001277 seconds.
Begin MonoManager ReloadAssembly
Native extension for WindowsStandalone target not found
Refreshing native plugins compatible for Editor in 0.23 ms, found 0 plugins.
Preloading 0 native plugins for Editor in 0.00 ms.
Invoked RoslynAnalysisRunner static constructor.
RoslynAnalysisRunner will not be running.
RoslynAnalysisRunner has terminated.
Mono: successfully reloaded assembly
- Completed reload, in  0.765 seconds
Platform modules already initialized, skipping
Refreshing native plugins compatible for Editor in 0.18 ms, found 0 plugins.
Preloading 0 native plugins for Editor in 0.00 ms.
Unloading 1112 Unused Serialized files (Serialized files now loaded: 0)
System memory in use before: 60.8 MB.
System memory in use after: 60.9 MB.

Unloading 5 unused Assets to reduce memory usage. Loaded Objects now: 1759.
Total: 1.708800 ms (FindLiveObjects: 0.228300 ms CreateObjectMapping: 0.061700 ms MarkObjects: 1.372600 ms  DeleteObjects: 0.044700 ms)

========================================================================
Received Import Request.
  Time since last request: 254.488971 seconds.
  path: Assets/Scenes/Enemy.prefab
  artifactKey: Guid(63da3459760aa87479926d69e353370b) Importer(815301076,1909f56bfc062723c751e8b465ee728b)
Start importing Assets/Scenes/Enemy.prefab using Guid(63da3459760aa87479926d69e353370b) Importer(815301076,1909f56bfc062723c751e8b465ee728b)  -> (artifact id: '239f6876002ce84886d4c7904a6b7cef') in 0.053231 seconds
  Import took 0.055055 seconds .

========================================================================
Received Prepare
Registering precompiled user dll's ...
Registered in 0.001288 seconds.
Begin MonoManager ReloadAssembly
Native extension for WindowsStandalone target not found
Refreshing native plugins compatible for Editor in 0.18 ms, found 0 plugins.
Preloading 0 native plugins for Editor in 0.00 ms.
Invoked RoslynAnalysisRunner static constructor.
RoslynAnalysisRunner will not be running.
RoslynAnalysisRunner has terminated.
Mono: successfully reloaded assembly
- Completed reload, in  0.714 seconds
Platform modules already initialized, skipping
Refreshing native plugins compatible for Editor in 0.18 ms, found 0 plugins.
Preloading 0 native plugins for Editor in 0.00 ms.
Unloading 1112 Unused Serialized files (Serialized files now loaded: 0)
System memory in use before: 60.8 MB.
System memory in use after: 60.9 MB.

Unloading 5 unused Assets to reduce memory usage. Loaded Objects now: 1763.
Total: 1.521700 ms (FindLiveObjects: 0.134300 ms CreateObjectMapping: 0.044500 ms MarkObjects: 1.297500 ms  DeleteObjects: 0.044100 ms)

========================================================================
Received Import Request.
  Time since last request: 1041.902367 seconds.
  path: Assets/Scenes/Bullet.prefab
  artifactKey: Guid(6879836d651746b4aab12422bf869e74) Importer(815301076,1909f56bfc062723c751e8b465ee728b)
Start importing Assets/Scenes/Bullet.prefab using Guid(6879836d651746b4aab12422bf869e74) Importer(815301076,1909f56bfc062723c751e8b465ee728b)  -> (artifact id: 'c34d37ebdaee38549573d218e11f31b8') in 0.049961 seconds
  Import took 0.051755 seconds .

AssetImportWorkerClient::OnTransportError - code=2 error=End of file
